<?xml version="1.0" encoding="utf-8"?>
<CoverageSession xmlns:xsd="http://www.w3.org/2001/XMLSchema" xmlns:xsi="http://www.w3.org/2001/XMLSchema-instance">
  <Summary numSequencePoints="18" visitedSequencePoints="18" numBranchPoints="6" visitedBranchPoints="6" sequenceCoverage="100" branchCoverage="100" maxCyclomaticComplexity="1" minCyclomaticComplexity="1" visitedClasses="4" numClasses="4" visitedMethods="6" numMethods="6" />
  <Modules>
    <Module skippedDueTo="Filter" hash="F3-6E-82-BE-BC-4C-5A-25-3E-E6-43-7B-E4-61-41-5A-4C-FA-EA-E9">
      <ModulePath>C:\Program Files\dotnet\shared\Microsoft.NETCore.App\2.1.6\System.Private.CoreLib.dll</ModulePath>
      <ModuleTime>2018-10-19T09:15:52Z</ModuleTime>
      <ModuleName>System.Private.CoreLib</ModuleName>
      <Classes />
    </Module>
    <Module skippedDueTo="Filter" hash="9B-60-EC-2A-2E-29-AF-0C-3D-C5-8E-58-55-B4-9E-1A-E1-94-D4-DD">
      <ModulePath>C:\Program Files\dotnet\sdk\2.1.600-preview-009426\dotnet.dll</ModulePath>
      <ModuleTime>2018-11-15T10:36:02Z</ModuleTime>
      <ModuleName>dotnet</ModuleName>
      <Classes />
    </Module>
    <Module skippedDueTo="Filter" hash="80-7B-E3-DB-4F-DB-E1-5B-35-A9-24-C9-45-8E-80-D0-E9-46-20-DA">
      <ModulePath>C:\Program Files\dotnet\shared\Microsoft.NETCore.App\2.1.6\System.Runtime.dll</ModulePath>
      <ModuleTime>2018-10-19T09:15:52Z</ModuleTime>
      <ModuleName>System.Runtime</ModuleName>
      <Classes />
    </Module>
    <Module skippedDueTo="Filter" hash="45-1D-56-64-66-81-61-F3-2E-37-AC-5A-E9-C6-92-C6-8C-6D-A4-CE">
      <ModulePath>C:\Program Files\dotnet\sdk\2.1.600-preview-009426\Microsoft.DotNet.Cli.Utils.dll</ModulePath>
      <ModuleTime>2018-11-15T10:37:28Z</ModuleTime>
      <ModuleName>Microsoft.DotNet.Cli.Utils</ModuleName>
      <Classes />
    </Module>
    <Module skippedDueTo="Filter" hash="D5-B5-49-52-3F-03-60-46-FA-58-22-FE-2C-E4-3B-86-A3-2D-1C-54">
      <ModulePath>C:\Program Files\dotnet\shared\Microsoft.NETCore.App\2.1.6\System.Runtime.Extensions.dll</ModulePath>
      <ModuleTime>2018-10-19T09:15:52Z</ModuleTime>
      <ModuleName>System.Runtime.Extensions</ModuleName>
      <Classes />
    </Module>
    <Module skippedDueTo="Filter" hash="8C-3F-86-B1-15-D1-A6-1D-58-3C-CE-6A-9A-31-A5-CF-61-44-14-14">
      <ModulePath>C:\Program Files\dotnet\shared\Microsoft.NETCore.App\2.1.6\System.Runtime.Loader.dll</ModulePath>
      <ModuleTime>2018-10-19T09:15:52Z</ModuleTime>
      <ModuleName>System.Runtime.Loader</ModuleName>
      <Classes />
    </Module>
    <Module skippedDueTo="Filter" hash="1B-7D-C9-89-21-9A-2F-83-5F-D6-02-0B-BF-E5-C5-81-06-43-F0-47">
      <ModulePath>C:\Program Files\dotnet\sdk\2.1.600-preview-009426\Microsoft.DotNet.PlatformAbstractions.dll</ModulePath>
      <ModuleTime>2018-11-15T10:37:30Z</ModuleTime>
      <ModuleName>Microsoft.DotNet.PlatformAbstractions</ModuleName>
      <Classes />
    </Module>
    <Module skippedDueTo="Filter" hash="7A-EB-84-1A-53-F4-26-40-7A-FD-28-23-C7-9C-E3-F3-F9-05-E5-F1">
      <ModulePath>C:\Program Files\dotnet\shared\Microsoft.NETCore.App\2.1.6\System.Runtime.InteropServices.RuntimeInformation.dll</ModulePath>
      <ModuleTime>2018-10-19T09:15:52Z</ModuleTime>
      <ModuleName>System.Runtime.InteropServices.RuntimeInformation</ModuleName>
      <Classes />
    </Module>
    <Module skippedDueTo="Filter" hash="E1-A5-0A-4B-89-CB-EA-0C-15-8D-C1-08-88-70-55-66-10-C9-C2-70">
      <ModulePath>C:\Program Files\dotnet\shared\Microsoft.NETCore.App\2.1.6\System.Runtime.InteropServices.dll</ModulePath>
      <ModuleTime>2018-10-19T09:15:52Z</ModuleTime>
      <ModuleName>System.Runtime.InteropServices</ModuleName>
      <Classes />
    </Module>
    <Module skippedDueTo="Filter" hash="36-84-17-83-35-2C-C2-41-75-44-2B-CE-2D-5E-0A-6D-25-BB-F5-98">
      <ModulePath>C:\Program Files\dotnet\shared\Microsoft.NETCore.App\2.1.6\System.Threading.dll</ModulePath>
      <ModuleTime>2018-10-19T09:15:52Z</ModuleTime>
      <ModuleName>System.Threading</ModuleName>
      <Classes />
    </Module>
    <Module skippedDueTo="Filter" hash="C2-21-37-94-77-6B-20-54-8B-C3-96-FE-8A-76-78-BF-49-45-EB-88">
      <ModulePath>C:\Program Files\dotnet\shared\Microsoft.NETCore.App\2.1.6\System.IO.FileSystem.dll</ModulePath>
      <ModuleTime>2018-10-19T09:15:50Z</ModuleTime>
      <ModuleName>System.IO.FileSystem</ModuleName>
      <Classes />
    </Module>
    <Module skippedDueTo="Filter" hash="7B-04-11-66-FD-DC-77-12-11-D1-F3-BD-F3-B3-7F-79-C3-63-7B-86">
      <ModulePath>C:\Program Files\dotnet\sdk\2.1.600-preview-009426\runtimes\win\lib\netcoreapp2.0\System.Text.Encoding.CodePages.dll</ModulePath>
      <ModuleTime>2018-11-15T10:35:50Z</ModuleTime>
      <ModuleName>System.Text.Encoding.CodePages</ModuleName>
      <Classes />
    </Module>
    <Module skippedDueTo="Filter" hash="87-BF-D4-C0-08-CB-0D-92-B8-E2-77-31-AC-AB-99-AF-20-CD-AC-3E">
      <ModulePath>C:\Program Files\dotnet\shared\Microsoft.NETCore.App\2.1.6\System.Collections.dll</ModulePath>
      <ModuleTime>2018-10-19T09:15:50Z</ModuleTime>
      <ModuleName>System.Collections</ModuleName>
      <Classes />
    </Module>
    <Module skippedDueTo="Filter" hash="D7-55-14-1D-35-30-3E-21-6E-74-C5-6B-08-7D-55-46-C9-3B-AC-1B">
      <ModulePath>C:\Program Files\dotnet\shared\Microsoft.NETCore.App\2.1.6\System.Collections.Concurrent.dll</ModulePath>
      <ModuleTime>2018-10-19T09:15:50Z</ModuleTime>
      <ModuleName>System.Collections.Concurrent</ModuleName>
      <Classes />
    </Module>
    <Module skippedDueTo="Filter" hash="3D-C6-64-CB-6A-A3-11-22-DA-67-18-5A-6E-19-D0-44-4B-62-63-B6">
      <ModulePath>C:\Program Files\dotnet\shared\Microsoft.NETCore.App\2.1.6\System.Threading.Thread.dll</ModulePath>
      <ModuleTime>2018-10-19T09:15:52Z</ModuleTime>
      <ModuleName>System.Threading.Thread</ModuleName>
      <Classes />
    </Module>
    <Module skippedDueTo="Filter" hash="F7-A8-9A-81-E0-DB-F5-0E-97-38-F7-79-95-56-33-7D-12-A6-CD-4E">
      <ModulePath>C:\Program Files\dotnet\sdk\2.1.600-preview-009426\Microsoft.DotNet.Configurer.dll</ModulePath>
      <ModuleTime>2018-11-15T10:37:32Z</ModuleTime>
      <ModuleName>Microsoft.DotNet.Configurer</ModuleName>
      <Classes />
    </Module>
    <Module skippedDueTo="Filter" hash="BB-C5-10-8C-E8-08-F9-6A-32-3B-13-8A-1E-7D-27-C0-18-7D-75-CE">
      <ModulePath>C:\Program Files\dotnet\sdk\2.1.600-preview-009426\Microsoft.DotNet.Cli.CommandLine.dll</ModulePath>
      <ModuleTime>2018-11-15T10:37:26Z</ModuleTime>
      <ModuleName>Microsoft.DotNet.Cli.CommandLine</ModuleName>
      <Classes />
    </Module>
    <Module skippedDueTo="Filter" hash="8E-2B-8F-30-D7-23-7B-32-77-EE-61-A0-4D-6E-DF-CE-13-60-6D-9A">
      <ModulePath>C:\Program Files\dotnet\shared\Microsoft.NETCore.App\2.1.6\System.Diagnostics.Process.dll</ModulePath>
      <ModuleTime>2018-10-19T09:15:50Z</ModuleTime>
      <ModuleName>System.Diagnostics.Process</ModuleName>
      <Classes />
    </Module>
    <Module skippedDueTo="Filter" hash="87-E7-D3-98-CE-00-87-D1-B1-53-09-CD-87-FE-37-58-E6-4B-88-72">
      <ModulePath>C:\Program Files\dotnet\sdk\2.1.600-preview-009426\Microsoft.DotNet.InternalAbstractions.dll</ModulePath>
      <ModuleTime>2018-11-15T10:37:58Z</ModuleTime>
      <ModuleName>Microsoft.DotNet.InternalAbstractions</ModuleName>
      <Classes />
    </Module>
    <Module skippedDueTo="Filter" hash="1C-AA-09-E9-EA-9A-D8-0E-FE-38-AF-4C-2F-AB-F6-05-70-4C-7D-39">
      <ModulePath>C:\Program Files\dotnet\shared\Microsoft.NETCore.App\2.1.6\System.Linq.dll</ModulePath>
      <ModuleTime>2018-10-19T09:15:50Z</ModuleTime>
      <ModuleName>System.Linq</ModuleName>
      <Classes />
    </Module>
    <Module skippedDueTo="Filter" hash="0B-62-DD-CF-19-DC-ED-AE-54-7C-AF-55-81-59-3A-D8-2B-D8-24-13">
      <ModulePath>C:\Program Files\dotnet\sdk\2.1.600-preview-009426\NuGet.Frameworks.dll</ModulePath>
      <ModuleTime>2018-11-15T10:41:58Z</ModuleTime>
      <ModuleName>NuGet.Frameworks</ModuleName>
      <Classes />
    </Module>
    <Module skippedDueTo="Filter" hash="7E-46-49-D5-79-FE-70-29-4B-90-A6-AE-82-8D-B0-7D-B0-A3-E3-74">
      <ModulePath>C:\Program Files\dotnet\shared\Microsoft.NETCore.App\2.1.6\System.Console.dll</ModulePath>
      <ModuleTime>2018-10-19T09:15:50Z</ModuleTime>
      <ModuleName>System.Console</ModuleName>
      <Classes />
    </Module>
    <Module skippedDueTo="Filter" hash="08-DE-05-0A-2A-FF-20-23-00-53-B1-2E-18-68-F9-E6-C0-31-F2-6E">
      <ModulePath>C:\Program Files\dotnet\shared\Microsoft.NETCore.App\2.1.6\System.IO.FileSystem.Primitives.dll</ModulePath>
      <ModuleTime>2018-10-19T09:15:50Z</ModuleTime>
      <ModuleName>System.IO.FileSystem.Primitives</ModuleName>
      <Classes />
    </Module>
    <Module skippedDueTo="Filter" hash="CA-05-A6-20-FD-14-9D-64-7B-AA-03-54-BF-DA-44-13-87-5E-4E-AA">
      <ModulePath>C:\Program Files\dotnet\shared\Microsoft.NETCore.App\2.1.6\System.Memory.dll</ModulePath>
      <ModuleTime>2018-10-19T09:15:50Z</ModuleTime>
      <ModuleName>System.Memory</ModuleName>
      <Classes />
    </Module>
    <Module skippedDueTo="Filter" hash="5F-4C-A2-99-BA-67-C1-37-EA-CC-0F-3F-BC-68-F1-64-39-BE-57-29">
      <ModulePath>C:\Program Files\dotnet\shared\Microsoft.NETCore.App\2.1.6\System.IO.dll</ModulePath>
      <ModuleTime>2018-10-19T09:15:50Z</ModuleTime>
      <ModuleName>System.IO</ModuleName>
      <Classes />
    </Module>
    <Module skippedDueTo="Filter" hash="93-B0-E0-F4-B9-2D-3B-DB-00-3B-71-34-B8-68-9B-47-25-02-4A-B1">
      <ModulePath>C:\Program Files\dotnet\shared\Microsoft.NETCore.App\2.1.6\System.Text.Encoding.Extensions.dll</ModulePath>
      <ModuleTime>2018-10-19T09:15:52Z</ModuleTime>
      <ModuleName>System.Text.Encoding.Extensions</ModuleName>
      <Classes />
    </Module>
    <Module skippedDueTo="Filter" hash="42-EB-77-CF-6C-59-D4-62-28-D8-46-75-6F-87-B2-D0-61-28-FA-A6">
      <ModulePath>C:\Program Files\dotnet\sdk\2.1.600-preview-009426\Microsoft.ApplicationInsights.dll</ModulePath>
      <ModuleTime>2018-11-15T10:37:34Z</ModuleTime>
      <ModuleName>Microsoft.ApplicationInsights</ModuleName>
      <Classes />
    </Module>
    <Module skippedDueTo="Filter" hash="D3-EE-AA-F6-43-E3-04-E6-6E-CD-16-84-CF-CD-1C-9C-65-8B-0F-56">
      <ModulePath>C:\Program Files\dotnet\shared\Microsoft.NETCore.App\2.1.6\System.Reflection.Extensions.dll</ModulePath>
      <ModuleTime>2018-10-19T09:15:52Z</ModuleTime>
      <ModuleName>System.Reflection.Extensions</ModuleName>
      <Classes />
    </Module>
    <Module skippedDueTo="Filter" hash="C3-2B-5D-51-B7-D9-34-AA-8D-A0-4A-96-B2-25-4C-63-1A-61-3E-35">
      <ModulePath>C:\Program Files\dotnet\shared\Microsoft.NETCore.App\2.1.6\System.Reflection.dll</ModulePath>
      <ModuleTime>2018-10-19T09:15:52Z</ModuleTime>
      <ModuleName>System.Reflection</ModuleName>
      <Classes />
    </Module>
    <Module skippedDueTo="Filter" hash="F9-F7-1F-FA-66-3D-91-54-A4-F0-05-C4-68-CC-42-56-62-4B-71-B1">
      <ModulePath>C:\Program Files\dotnet\shared\Microsoft.NETCore.App\2.1.6\System.Xml.XDocument.dll</ModulePath>
      <ModuleTime>2018-10-19T09:15:52Z</ModuleTime>
      <ModuleName>System.Xml.XDocument</ModuleName>
      <Classes />
    </Module>
    <Module skippedDueTo="Filter" hash="2B-A7-0A-C8-CA-0E-5D-05-40-77-43-80-C6-79-D7-36-D6-8E-43-D9">
      <ModulePath>C:\Program Files\dotnet\shared\Microsoft.NETCore.App\2.1.6\System.Private.Xml.Linq.dll</ModulePath>
      <ModuleTime>2018-10-19T09:15:52Z</ModuleTime>
      <ModuleName>System.Private.Xml.Linq</ModuleName>
      <Classes />
    </Module>
    <Module skippedDueTo="Filter" hash="30-C9-A4-91-D0-F6-AF-A2-B8-10-EC-EE-0C-64-58-41-40-92-62-9E">
      <ModulePath>C:\Program Files\dotnet\shared\Microsoft.NETCore.App\2.1.6\System.Security.Cryptography.Algorithms.dll</ModulePath>
      <ModuleTime>2018-10-19T09:15:52Z</ModuleTime>
      <ModuleName>System.Security.Cryptography.Algorithms</ModuleName>
      <Classes />
    </Module>
    <Module skippedDueTo="Filter" hash="2D-24-D4-40-AE-BC-E8-EC-89-60-18-43-84-9A-B1-DE-60-8A-C0-9A">
      <ModulePath>C:\Program Files\dotnet\shared\Microsoft.NETCore.App\2.1.6\System.Security.Cryptography.Primitives.dll</ModulePath>
      <ModuleTime>2018-10-19T09:15:52Z</ModuleTime>
      <ModuleName>System.Security.Cryptography.Primitives</ModuleName>
      <Classes />
    </Module>
    <Module skippedDueTo="Filter" hash="EE-C5-C4-D8-75-CD-A2-82-5E-9C-E5-1F-4B-7B-7A-E3-B6-B5-32-37">
      <ModulePath>C:\Program Files\dotnet\sdk\2.1.600-preview-009426\Microsoft.TemplateEngine.Cli.dll</ModulePath>
      <ModuleTime>2018-11-15T10:37:34Z</ModuleTime>
      <ModuleName>Microsoft.TemplateEngine.Cli</ModuleName>
      <Classes />
    </Module>
    <Module skippedDueTo="Filter" hash="ED-F9-73-3A-76-9D-1D-E3-E3-BC-66-1B-9B-3A-97-C0-E6-02-9D-9D">
      <ModulePath>C:\Program Files\dotnet\shared\Microsoft.NETCore.App\2.1.6\System.Private.Xml.dll</ModulePath>
      <ModuleTime>2018-10-19T09:15:52Z</ModuleTime>
      <ModuleName>System.Private.Xml</ModuleName>
      <Classes />
    </Module>
    <Module skippedDueTo="Filter" hash="2D-D2-80-49-8E-E8-31-DA-F0-F5-D6-65-A0-CE-7A-71-98-42-9D-DA">
      <ModulePath>C:\Program Files\dotnet\shared\Microsoft.NETCore.App\2.1.6\System.Resources.ResourceManager.dll</ModulePath>
      <ModuleTime>2018-10-19T09:15:52Z</ModuleTime>
      <ModuleName>System.Resources.ResourceManager</ModuleName>
      <Classes />
    </Module>
    <Module skippedDueTo="Filter" hash="0A-F1-F0-70-BA-EC-0B-23-3B-D3-CB-27-1E-22-FA-DE-8D-FD-79-A3">
      <ModulePath>C:\Program Files\dotnet\shared\Microsoft.NETCore.App\2.1.6\System.Xml.ReaderWriter.dll</ModulePath>
      <ModuleTime>2018-10-19T09:15:52Z</ModuleTime>
      <ModuleName>System.Xml.ReaderWriter</ModuleName>
      <Classes />
    </Module>
    <Module skippedDueTo="Filter" hash="F8-94-E5-3E-8E-0D-48-E3-4C-8B-BD-58-DD-3F-86-43-71-3C-EA-BD">
      <ModulePath>C:\Program Files\dotnet\shared\Microsoft.NETCore.App\2.1.6\System.Globalization.dll</ModulePath>
      <ModuleTime>2018-10-19T09:15:50Z</ModuleTime>
      <ModuleName>System.Globalization</ModuleName>
      <Classes />
    </Module>
    <Module skippedDueTo="Filter" hash="75-86-D0-56-8B-72-29-7B-98-7E-D6-6C-F2-28-9D-17-71-51-1C-D5">
      <ModulePath>C:\Program Files\dotnet\shared\Microsoft.NETCore.App\2.1.6\System.Diagnostics.Tracing.dll</ModulePath>
      <ModuleTime>2018-10-19T09:15:50Z</ModuleTime>
      <ModuleName>System.Diagnostics.Tracing</ModuleName>
      <Classes />
    </Module>
    <Module skippedDueTo="Filter" hash="98-24-28-75-2E-F6-81-60-AD-6A-D6-4C-C8-1D-58-1A-8B-C6-A4-62">
      <ModulePath>C:\Program Files\dotnet\shared\Microsoft.NETCore.App\2.1.6\System.Private.Uri.dll</ModulePath>
      <ModuleTime>2018-10-19T09:15:52Z</ModuleTime>
      <ModuleName>System.Private.Uri</ModuleName>
      <Classes />
    </Module>
    <Module skippedDueTo="Filter" hash="8D-EB-74-7D-5E-A4-F4-56-22-DE-5F-BB-6D-9E-48-7D-D7-85-08-6C">
      <ModulePath>C:\Program Files\dotnet\shared\Microsoft.NETCore.App\2.1.6\System.Threading.Tasks.dll</ModulePath>
      <ModuleTime>2018-10-19T09:15:52Z</ModuleTime>
      <ModuleName>System.Threading.Tasks</ModuleName>
      <Classes />
    </Module>
    <Module skippedDueTo="Filter" hash="BF-85-DD-D6-9E-6C-F2-12-20-37-8F-CB-29-A4-A7-5E-B3-51-EE-97">
      <ModulePath>C:\Program Files\dotnet\shared\Microsoft.NETCore.App\2.1.6\System.Text.RegularExpressions.dll</ModulePath>
      <ModuleTime>2018-10-19T09:15:52Z</ModuleTime>
      <ModuleName>System.Text.RegularExpressions</ModuleName>
      <Classes />
    </Module>
    <Module skippedDueTo="Filter" hash="79-AE-E4-34-60-DB-38-45-7A-20-D3-49-8B-46-67-D3-20-44-AD-56">
      <ModulePath>C:\Program Files\dotnet\shared\Microsoft.NETCore.App\2.1.6\System.Buffers.dll</ModulePath>
      <ModuleTime>2018-10-19T09:15:50Z</ModuleTime>
      <ModuleName>System.Buffers</ModuleName>
      <Classes />
    </Module>
    <Module skippedDueTo="Filter" hash="FA-47-D1-EB-E0-12-26-A0-E4-5F-80-F0-6B-7F-0F-53-7C-E3-E8-CD">
      <ModulePath>C:\Program Files\dotnet\shared\Microsoft.NETCore.App\2.1.6\System.Reflection.Emit.ILGeneration.dll</ModulePath>
      <ModuleTime>2018-10-19T09:15:52Z</ModuleTime>
      <ModuleName>System.Reflection.Emit.ILGeneration</ModuleName>
      <Classes />
    </Module>
    <Module skippedDueTo="Filter" hash="00-C2-2E-97-39-AA-F4-86-16-C1-47-FD-BE-33-10-F5-8E-A9-94-19">
      <ModulePath>C:\Program Files\dotnet\shared\Microsoft.NETCore.App\2.1.6\System.Reflection.Emit.Lightweight.dll</ModulePath>
      <ModuleTime>2018-10-19T09:15:52Z</ModuleTime>
      <ModuleName>System.Reflection.Emit.Lightweight</ModuleName>
      <Classes />
    </Module>
    <Module skippedDueTo="Filter" hash="B2-F1-52-C2-C3-24-57-14-E5-4A-5A-D1-54-C7-DF-73-3B-53-CE-ED">
      <ModulePath>C:\Program Files\dotnet\shared\Microsoft.NETCore.App\2.1.6\System.Reflection.Primitives.dll</ModulePath>
      <ModuleTime>2018-10-19T09:15:52Z</ModuleTime>
      <ModuleName>System.Reflection.Primitives</ModuleName>
      <Classes />
    </Module>
    <Module skippedDueTo="Filter" hash="72-BC-1B-B2-BC-AD-5F-30-73-7F-99-C9-5C-3F-0A-7E-2C-87-F0-4C">
      <ModulePath>C:\Program Files\dotnet\sdk\2.1.600-preview-009426\Microsoft.TemplateEngine.Utils.dll</ModulePath>
      <ModuleTime>2018-11-15T10:36:56Z</ModuleTime>
      <ModuleName>Microsoft.TemplateEngine.Utils</ModuleName>
      <Classes />
    </Module>
    <Module skippedDueTo="Filter" hash="6A-61-3E-DA-FC-EE-1F-C8-E1-58-22-00-D9-7F-F3-F1-B8-34-43-85">
      <ModulePath>C:\Program Files\dotnet\shared\Microsoft.NETCore.App\2.1.6\Microsoft.Win32.Registry.dll</ModulePath>
      <ModuleTime>2018-10-19T09:15:50Z</ModuleTime>
      <ModuleName>Microsoft.Win32.Registry</ModuleName>
      <Classes />
    </Module>
    <Module skippedDueTo="Filter" hash="3C-F6-D5-26-20-67-21-27-D9-89-D0-85-EE-5D-CE-B9-B0-14-E5-62">
      <ModulePath>C:\Program Files\dotnet\shared\Microsoft.NETCore.App\2.1.6\System.Diagnostics.Tools.dll</ModulePath>
      <ModuleTime>2018-10-19T09:15:50Z</ModuleTime>
      <ModuleName>System.Diagnostics.Tools</ModuleName>
      <Classes />
    </Module>
    <Module skippedDueTo="Filter" hash="C6-58-09-CC-F0-62-F7-75-AE-01-AA-F9-CD-AB-23-18-A5-A2-BC-D0">
      <ModulePath>C:\Program Files\dotnet\shared\Microsoft.NETCore.App\2.1.6\System.Diagnostics.Debug.dll</ModulePath>
      <ModuleTime>2018-10-19T09:15:50Z</ModuleTime>
      <ModuleName>System.Diagnostics.Debug</ModuleName>
      <Classes />
    </Module>
    <Module skippedDueTo="Filter" hash="7A-AB-BA-43-CD-9D-AC-37-36-A7-B7-96-E0-A8-DF-84-23-38-A7-5F">
      <ModulePath>C:\Program Files\dotnet\shared\Microsoft.NETCore.App\2.1.6\System.Text.Encoding.dll</ModulePath>
      <ModuleTime>2018-10-19T09:15:52Z</ModuleTime>
      <ModuleName>System.Text.Encoding</ModuleName>
      <Classes />
    </Module>
    <Module skippedDueTo="Filter" hash="FD-98-D3-A2-3A-05-9D-EB-C3-38-24-36-C7-A3-9F-49-F9-C6-4D-9F">
      <ModulePath>C:\Program Files\dotnet\shared\Microsoft.NETCore.App\2.1.6\System.IO.Compression.dll</ModulePath>
      <ModuleTime>2018-10-19T09:15:50Z</ModuleTime>
      <ModuleName>System.IO.Compression</ModuleName>
      <Classes />
    </Module>
    <Module skippedDueTo="Filter" hash="B8-3F-4C-D5-04-0C-75-A5-8D-D6-FD-CF-CE-76-1D-5F-1A-AF-DC-73">
      <ModulePath>C:\Program Files\dotnet\shared\Microsoft.NETCore.App\2.1.6\System.Net.Http.dll</ModulePath>
      <ModuleTime>2018-10-19T09:15:50Z</ModuleTime>
      <ModuleName>System.Net.Http</ModuleName>
      <Classes />
    </Module>
    <Module skippedDueTo="Filter" hash="82-C6-5D-BD-AD-B1-E8-EC-82-84-05-57-9A-4E-4E-C1-47-95-57-30">
      <ModulePath>C:\Program Files\dotnet\shared\Microsoft.NETCore.App\2.1.6\System.Net.Primitives.dll</ModulePath>
      <ModuleTime>2018-10-19T09:15:52Z</ModuleTime>
      <ModuleName>System.Net.Primitives</ModuleName>
      <Classes />
    </Module>
    <Module skippedDueTo="Filter" hash="DB-C9-E7-84-2D-62-51-30-8A-EA-8A-8B-C2-84-CA-8A-B9-7A-21-B6">
      <ModulePath>C:\Program Files\dotnet\shared\Microsoft.NETCore.App\2.1.6\System.Net.Security.dll</ModulePath>
      <ModuleTime>2018-10-19T09:15:52Z</ModuleTime>
      <ModuleName>System.Net.Security</ModuleName>
      <Classes />
    </Module>
    <Module skippedDueTo="Filter" hash="E7-22-77-91-61-72-58-0F-2A-47-0C-56-CA-95-4A-B4-FD-8D-07-4E">
      <ModulePath>C:\Program Files\dotnet\shared\Microsoft.NETCore.App\2.1.6\System.Security.Cryptography.X509Certificates.dll</ModulePath>
      <ModuleTime>2018-10-19T09:15:52Z</ModuleTime>
      <ModuleName>System.Security.Cryptography.X509Certificates</ModuleName>
      <Classes />
    </Module>
    <Module skippedDueTo="Filter" hash="CC-B6-8C-ED-1B-F1-3F-F4-76-B2-1C-AE-A8-67-08-F3-6C-E6-49-00">
      <ModulePath>C:\Program Files\dotnet\sdk\2.1.600-preview-009426\Microsoft.Build.Framework.dll</ModulePath>
      <ModuleTime>2018-11-15T10:37:24Z</ModuleTime>
      <ModuleName>Microsoft.Build.Framework</ModuleName>
      <Classes />
    </Module>
    <Module skippedDueTo="Filter" hash="12-DF-08-3D-C2-7A-F0-08-D4-BD-77-12-69-E9-D6-8D-92-20-53-D0">
      <ModulePath>C:\Program Files\dotnet\shared\Microsoft.NETCore.App\2.1.6\netstandard.dll</ModulePath>
      <ModuleTime>2018-10-19T09:15:52Z</ModuleTime>
      <ModuleName>netstandard</ModuleName>
      <Classes />
    </Module>
    <Module skippedDueTo="Filter" hash="F2-53-28-F0-D1-3C-6E-A1-25-7C-04-ED-BC-15-2E-D9-CA-E8-92-82">
      <ModulePath>C:\Program Files\dotnet\shared\Microsoft.NETCore.App\2.1.6\System.ComponentModel.Primitives.dll</ModulePath>
      <ModuleTime>2018-10-19T09:15:50Z</ModuleTime>
      <ModuleName>System.ComponentModel.Primitives</ModuleName>
      <Classes />
    </Module>
    <Module skippedDueTo="Filter" hash="13-BB-47-4B-0C-A6-EE-02-89-7D-1F-84-D1-A9-27-D7-3B-33-34-90">
      <ModulePath>C:\Program Files\dotnet\shared\Microsoft.NETCore.App\2.1.6\Microsoft.Win32.Primitives.dll</ModulePath>
      <ModuleTime>2018-10-19T09:15:50Z</ModuleTime>
      <ModuleName>Microsoft.Win32.Primitives</ModuleName>
      <Classes />
    </Module>
    <Module skippedDueTo="Filter" hash="A8-1C-A4-56-B8-31-2B-D7-74-B4-D1-15-C5-EA-F4-F2-B7-5F-BA-61">
      <ModulePath>C:\Program Files\dotnet\shared\Microsoft.NETCore.App\2.1.6\System.Diagnostics.DiagnosticSource.dll</ModulePath>
      <ModuleTime>2018-10-19T09:15:50Z</ModuleTime>
      <ModuleName>System.Diagnostics.DiagnosticSource</ModuleName>
      <Classes />
    </Module>
    <Module skippedDueTo="Filter" hash="C7-B7-1E-4A-57-A3-29-14-4F-3E-E1-7E-64-EA-7A-0F-CE-F9-A0-C5">
      <ModulePath>C:\Program Files\dotnet\shared\Microsoft.NETCore.App\2.1.6\System.Collections.NonGeneric.dll</ModulePath>
      <ModuleTime>2018-10-19T09:15:50Z</ModuleTime>
      <ModuleName>System.Collections.NonGeneric</ModuleName>
      <Classes />
    </Module>
    <Module skippedDueTo="Filter" hash="75-18-48-5F-1F-97-A3-96-A0-4A-9D-94-E7-96-29-4C-8A-5D-4C-9F">
      <ModulePath>C:\Program Files\dotnet\shared\Microsoft.NETCore.App\2.1.6\System.Threading.Timer.dll</ModulePath>
      <ModuleTime>2018-10-19T09:15:52Z</ModuleTime>
      <ModuleName>System.Threading.Timer</ModuleName>
      <Classes />
    </Module>
    <Module skippedDueTo="Filter" hash="0F-87-AA-DF-42-B9-BD-E8-42-09-9F-61-42-59-16-C4-3F-EA-AF-69">
      <ModulePath>C:\Program Files\dotnet\shared\Microsoft.NETCore.App\2.1.6\System.Net.NetworkInformation.dll</ModulePath>
      <ModuleTime>2018-10-19T09:15:52Z</ModuleTime>
      <ModuleName>System.Net.NetworkInformation</ModuleName>
      <Classes />
    </Module>
    <Module skippedDueTo="Filter" hash="57-C3-D6-0C-A5-AB-F3-C2-6E-18-0A-24-A5-E4-9D-99-94-99-0A-10">
      <ModulePath>C:\Program Files\dotnet\shared\Microsoft.NETCore.App\2.1.6\System.Net.Sockets.dll</ModulePath>
      <ModuleTime>2018-10-19T09:15:52Z</ModuleTime>
      <ModuleName>System.Net.Sockets</ModuleName>
      <Classes />
    </Module>
    <Module skippedDueTo="Filter" hash="A1-3A-C7-96-40-99-6B-52-20-D8-0B-D2-61-98-EC-F7-32-BD-B0-C3">
      <ModulePath>C:\Program Files\dotnet\shared\Microsoft.NETCore.App\2.1.6\System.Threading.Overlapped.dll</ModulePath>
      <ModuleTime>2018-10-19T09:15:52Z</ModuleTime>
      <ModuleName>System.Threading.Overlapped</ModuleName>
      <Classes />
    </Module>
    <Module skippedDueTo="Filter" hash="98-5F-D2-89-51-51-E7-42-0E-7F-E7-B2-E1-23-B3-54-6E-98-C8-01">
      <ModulePath>C:\Program Files\dotnet\shared\Microsoft.NETCore.App\2.1.6\System.Net.NameResolution.dll</ModulePath>
      <ModuleTime>2018-10-19T09:15:52Z</ModuleTime>
      <ModuleName>System.Net.NameResolution</ModuleName>
      <Classes />
    </Module>
    <Module skippedDueTo="Filter" hash="93-FB-0C-93-C8-FF-3C-0B-03-54-BF-EC-9E-04-53-87-5A-94-5A-0A">
      <ModulePath>C:\Program Files\dotnet\shared\Microsoft.NETCore.App\2.1.6\System.Security.Principal.Windows.dll</ModulePath>
      <ModuleTime>2018-10-19T09:15:52Z</ModuleTime>
      <ModuleName>System.Security.Principal.Windows</ModuleName>
      <Classes />
    </Module>
    <Module skippedDueTo="Filter" hash="2B-B8-A6-93-50-54-F8-7F-B6-B3-4D-C8-5F-F9-CA-FC-01-29-1D-CE">
      <ModulePath>C:\Program Files\dotnet\shared\Microsoft.NETCore.App\2.1.6\System.Security.Claims.dll</ModulePath>
      <ModuleTime>2018-10-19T09:15:52Z</ModuleTime>
      <ModuleName>System.Security.Claims</ModuleName>
      <Classes />
    </Module>
    <Module skippedDueTo="Filter" hash="40-71-09-DE-1D-FA-CB-EB-52-32-41-19-A2-58-C5-B3-B4-50-0C-5C">
      <ModulePath>C:\Program Files\dotnet\shared\Microsoft.NETCore.App\2.1.6\System.Security.Principal.dll</ModulePath>
      <ModuleTime>2018-10-19T09:15:52Z</ModuleTime>
      <ModuleName>System.Security.Principal</ModuleName>
      <Classes />
    </Module>
    <Module skippedDueTo="Filter" hash="F1-99-F9-58-59-B9-10-22-76-92-23-79-45-12-01-CE-4E-C4-D7-88">
      <ModulePath>C:\Program Files\dotnet\shared\Microsoft.NETCore.App\2.1.6\System.Security.Cryptography.Encoding.dll</ModulePath>
      <ModuleTime>2018-10-19T09:15:52Z</ModuleTime>
      <ModuleName>System.Security.Cryptography.Encoding</ModuleName>
      <Classes />
    </Module>
    <Module skippedDueTo="Filter" hash="4F-5D-05-81-0C-C0-D8-47-52-C5-64-94-3F-71-F3-56-1F-DB-19-E9">
      <ModulePath>C:\Program Files\dotnet\shared\Microsoft.NETCore.App\2.1.6\System.Threading.ThreadPool.dll</ModulePath>
      <ModuleTime>2018-10-19T09:15:52Z</ModuleTime>
      <ModuleName>System.Threading.ThreadPool</ModuleName>
      <Classes />
    </Module>
    <Module skippedDueTo="Filter" hash="F3-6E-82-BE-BC-4C-5A-25-3E-E6-43-7B-E4-61-41-5A-4C-FA-EA-E9">
      <ModulePath>C:\Program Files\dotnet\shared\Microsoft.NETCore.App\2.1.6\System.Private.CoreLib.dll</ModulePath>
      <ModuleTime>2018-10-19T09:15:52Z</ModuleTime>
      <ModuleName>System.Private.CoreLib</ModuleName>
      <Classes />
    </Module>
    <Module skippedDueTo="Filter" hash="0D-94-7E-93-89-D8-C9-AE-5B-B0-13-7E-FB-A3-83-B8-72-8B-0B-32">
      <ModulePath>C:\Program Files\dotnet\sdk\2.1.600-preview-009426\MSBuild.dll</ModulePath>
      <ModuleTime>2018-11-15T10:43:02Z</ModuleTime>
      <ModuleName>MSBuild</ModuleName>
      <Classes />
    </Module>
    <Module skippedDueTo="Filter" hash="80-7B-E3-DB-4F-DB-E1-5B-35-A9-24-C9-45-8E-80-D0-E9-46-20-DA">
      <ModulePath>C:\Program Files\dotnet\shared\Microsoft.NETCore.App\2.1.6\System.Runtime.dll</ModulePath>
      <ModuleTime>2018-10-19T09:15:52Z</ModuleTime>
      <ModuleName>System.Runtime</ModuleName>
      <Classes />
    </Module>
    <Module skippedDueTo="Filter" hash="D5-B5-49-52-3F-03-60-46-FA-58-22-FE-2C-E4-3B-86-A3-2D-1C-54">
      <ModulePath>C:\Program Files\dotnet\shared\Microsoft.NETCore.App\2.1.6\System.Runtime.Extensions.dll</ModulePath>
      <ModuleTime>2018-10-19T09:15:52Z</ModuleTime>
      <ModuleName>System.Runtime.Extensions</ModuleName>
      <Classes />
    </Module>
    <Module skippedDueTo="Filter" hash="36-84-17-83-35-2C-C2-41-75-44-2B-CE-2D-5E-0A-6D-25-BB-F5-98">
      <ModulePath>C:\Program Files\dotnet\shared\Microsoft.NETCore.App\2.1.6\System.Threading.dll</ModulePath>
      <ModuleTime>2018-10-19T09:15:52Z</ModuleTime>
      <ModuleName>System.Threading</ModuleName>
      <Classes />
    </Module>
    <Module skippedDueTo="Filter" hash="8D-EB-74-7D-5E-A4-F4-56-22-DE-5F-BB-6D-9E-48-7D-D7-85-08-6C">
      <ModulePath>C:\Program Files\dotnet\shared\Microsoft.NETCore.App\2.1.6\System.Threading.Tasks.dll</ModulePath>
      <ModuleTime>2018-10-19T09:15:52Z</ModuleTime>
      <ModuleName>System.Threading.Tasks</ModuleName>
      <Classes />
    </Module>
    <Module skippedDueTo="Filter" hash="7A-EB-84-1A-53-F4-26-40-7A-FD-28-23-C7-9C-E3-F3-F9-05-E5-F1">
      <ModulePath>C:\Program Files\dotnet\shared\Microsoft.NETCore.App\2.1.6\System.Runtime.InteropServices.RuntimeInformation.dll</ModulePath>
      <ModuleTime>2018-10-19T09:15:52Z</ModuleTime>
      <ModuleName>System.Runtime.InteropServices.RuntimeInformation</ModuleName>
      <Classes />
    </Module>
    <Module skippedDueTo="Filter" hash="1C-AA-09-E9-EA-9A-D8-0E-FE-38-AF-4C-2F-AB-F6-05-70-4C-7D-39">
      <ModulePath>C:\Program Files\dotnet\shared\Microsoft.NETCore.App\2.1.6\System.Linq.dll</ModulePath>
      <ModuleTime>2018-10-19T09:15:50Z</ModuleTime>
      <ModuleName>System.Linq</ModuleName>
      <Classes />
    </Module>
    <Module skippedDueTo="Filter" hash="BF-85-DD-D6-9E-6C-F2-12-20-37-8F-CB-29-A4-A7-5E-B3-51-EE-97">
      <ModulePath>C:\Program Files\dotnet\shared\Microsoft.NETCore.App\2.1.6\System.Text.RegularExpressions.dll</ModulePath>
      <ModuleTime>2018-10-19T09:15:52Z</ModuleTime>
      <ModuleName>System.Text.RegularExpressions</ModuleName>
      <Classes />
    </Module>
    <Module skippedDueTo="Filter" hash="87-BF-D4-C0-08-CB-0D-92-B8-E2-77-31-AC-AB-99-AF-20-CD-AC-3E">
      <ModulePath>C:\Program Files\dotnet\shared\Microsoft.NETCore.App\2.1.6\System.Collections.dll</ModulePath>
      <ModuleTime>2018-10-19T09:15:50Z</ModuleTime>
      <ModuleName>System.Collections</ModuleName>
      <Classes />
    </Module>
    <Module skippedDueTo="Filter" hash="79-AE-E4-34-60-DB-38-45-7A-20-D3-49-8B-46-67-D3-20-44-AD-56">
      <ModulePath>C:\Program Files\dotnet\shared\Microsoft.NETCore.App\2.1.6\System.Buffers.dll</ModulePath>
      <ModuleTime>2018-10-19T09:15:50Z</ModuleTime>
      <ModuleName>System.Buffers</ModuleName>
      <Classes />
    </Module>
    <Module skippedDueTo="Filter" hash="C2-21-37-94-77-6B-20-54-8B-C3-96-FE-8A-76-78-BF-49-45-EB-88">
      <ModulePath>C:\Program Files\dotnet\shared\Microsoft.NETCore.App\2.1.6\System.IO.FileSystem.dll</ModulePath>
      <ModuleTime>2018-10-19T09:15:50Z</ModuleTime>
      <ModuleName>System.IO.FileSystem</ModuleName>
      <Classes />
    </Module>
    <Module skippedDueTo="Filter" hash="CA-05-A6-20-FD-14-9D-64-7B-AA-03-54-BF-DA-44-13-87-5E-4E-AA">
      <ModulePath>C:\Program Files\dotnet\shared\Microsoft.NETCore.App\2.1.6\System.Memory.dll</ModulePath>
      <ModuleTime>2018-10-19T09:15:50Z</ModuleTime>
      <ModuleName>System.Memory</ModuleName>
      <Classes />
    </Module>
    <Module skippedDueTo="Filter" hash="E1-A5-0A-4B-89-CB-EA-0C-15-8D-C1-08-88-70-55-66-10-C9-C2-70">
      <ModulePath>C:\Program Files\dotnet\shared\Microsoft.NETCore.App\2.1.6\System.Runtime.InteropServices.dll</ModulePath>
      <ModuleTime>2018-10-19T09:15:52Z</ModuleTime>
      <ModuleName>System.Runtime.InteropServices</ModuleName>
      <Classes />
    </Module>
    <Module skippedDueTo="Filter" hash="7E-46-49-D5-79-FE-70-29-4B-90-A6-AE-82-8D-B0-7D-B0-A3-E3-74">
      <ModulePath>C:\Program Files\dotnet\shared\Microsoft.NETCore.App\2.1.6\System.Console.dll</ModulePath>
      <ModuleTime>2018-10-19T09:15:50Z</ModuleTime>
      <ModuleName>System.Console</ModuleName>
      <Classes />
    </Module>
    <Module skippedDueTo="Filter" hash="8E-2B-8F-30-D7-23-7B-32-77-EE-61-A0-4D-6E-DF-CE-13-60-6D-9A">
      <ModulePath>C:\Program Files\dotnet\shared\Microsoft.NETCore.App\2.1.6\System.Diagnostics.Process.dll</ModulePath>
      <ModuleTime>2018-10-19T09:15:50Z</ModuleTime>
      <ModuleName>System.Diagnostics.Process</ModuleName>
      <Classes />
    </Module>
    <Module skippedDueTo="Filter" hash="F2-53-28-F0-D1-3C-6E-A1-25-7C-04-ED-BC-15-2E-D9-CA-E8-92-82">
      <ModulePath>C:\Program Files\dotnet\shared\Microsoft.NETCore.App\2.1.6\System.ComponentModel.Primitives.dll</ModulePath>
      <ModuleTime>2018-10-19T09:15:50Z</ModuleTime>
      <ModuleName>System.ComponentModel.Primitives</ModuleName>
      <Classes />
    </Module>
    <Module skippedDueTo="Filter" hash="CC-B6-8C-ED-1B-F1-3F-F4-76-B2-1C-AE-A8-67-08-F3-6C-E6-49-00">
      <ModulePath>C:\Program Files\dotnet\sdk\2.1.600-preview-009426\Microsoft.Build.Framework.dll</ModulePath>
      <ModuleTime>2018-11-15T10:37:24Z</ModuleTime>
      <ModuleName>Microsoft.Build.Framework</ModuleName>
      <Classes />
    </Module>
    <Module skippedDueTo="Filter" hash="12-DF-08-3D-C2-7A-F0-08-D4-BD-77-12-69-E9-D6-8D-92-20-53-D0">
      <ModulePath>C:\Program Files\dotnet\shared\Microsoft.NETCore.App\2.1.6\netstandard.dll</ModulePath>
      <ModuleTime>2018-10-19T09:15:52Z</ModuleTime>
      <ModuleName>netstandard</ModuleName>
      <Classes />
    </Module>
    <Module skippedDueTo="Filter" hash="94-76-26-1F-59-B8-E4-E5-DF-72-B3-2C-4E-83-49-74-1B-D9-5C-62">
      <ModulePath>C:\Program Files\dotnet\sdk\2.1.600-preview-009426\Microsoft.Build.dll</ModulePath>
      <ModuleTime>2018-11-15T10:37:38Z</ModuleTime>
      <ModuleName>Microsoft.Build</ModuleName>
      <Classes />
    </Module>
    <Module skippedDueTo="Filter" hash="7B-04-11-66-FD-DC-77-12-11-D1-F3-BD-F3-B3-7F-79-C3-63-7B-86">
      <ModulePath>C:\Program Files\dotnet\sdk\2.1.600-preview-009426\runtimes\win\lib\netcoreapp2.0\System.Text.Encoding.CodePages.dll</ModulePath>
      <ModuleTime>2018-11-15T10:35:50Z</ModuleTime>
      <ModuleName>System.Text.Encoding.CodePages</ModuleName>
      <Classes />
    </Module>
    <Module skippedDueTo="Filter" hash="D7-55-14-1D-35-30-3E-21-6E-74-C5-6B-08-7D-55-46-C9-3B-AC-1B">
      <ModulePath>C:\Program Files\dotnet\shared\Microsoft.NETCore.App\2.1.6\System.Collections.Concurrent.dll</ModulePath>
      <ModuleTime>2018-10-19T09:15:50Z</ModuleTime>
      <ModuleName>System.Collections.Concurrent</ModuleName>
      <Classes />
    </Module>
    <Module skippedDueTo="Filter" hash="9B-60-EC-2A-2E-29-AF-0C-3D-C5-8E-58-55-B4-9E-1A-E1-94-D4-DD">
      <ModulePath>C:\Program Files\dotnet\sdk\2.1.600-preview-009426\dotnet.dll</ModulePath>
      <ModuleTime>2018-11-15T10:36:02Z</ModuleTime>
      <ModuleName>dotnet</ModuleName>
      <Classes />
    </Module>
    <Module skippedDueTo="Filter" hash="D0-ED-84-47-56-47-81-1B-FC-C2-97-37-75-BF-41-7B-F6-95-85-F9">
      <ModulePath>C:\Program Files\dotnet\sdk\2.1.600-preview-009426\Microsoft.DotNet.Tools.MigrateCommand.dll</ModulePath>
      <ModuleTime>2018-11-15T10:37:26Z</ModuleTime>
      <ModuleName>Microsoft.DotNet.Tools.MigrateCommand</ModuleName>
      <Classes />
    </Module>
    <Module skippedDueTo="Filter" hash="F7-A8-9A-81-E0-DB-F5-0E-97-38-F7-79-95-56-33-7D-12-A6-CD-4E">
      <ModulePath>C:\Program Files\dotnet\sdk\2.1.600-preview-009426\Microsoft.DotNet.Configurer.dll</ModulePath>
      <ModuleTime>2018-11-15T10:37:32Z</ModuleTime>
      <ModuleName>Microsoft.DotNet.Configurer</ModuleName>
      <Classes />
    </Module>
    <Module skippedDueTo="Filter" hash="45-1D-56-64-66-81-61-F3-2E-37-AC-5A-E9-C6-92-C6-8C-6D-A4-CE">
      <ModulePath>C:\Program Files\dotnet\sdk\2.1.600-preview-009426\Microsoft.DotNet.Cli.Utils.dll</ModulePath>
      <ModuleTime>2018-11-15T10:37:28Z</ModuleTime>
      <ModuleName>Microsoft.DotNet.Cli.Utils</ModuleName>
      <Classes />
    </Module>
    <Module skippedDueTo="Filter" hash="0B-62-DD-CF-19-DC-ED-AE-54-7C-AF-55-81-59-3A-D8-2B-D8-24-13">
      <ModulePath>C:\Program Files\dotnet\sdk\2.1.600-preview-009426\NuGet.Frameworks.dll</ModulePath>
      <ModuleTime>2018-11-15T10:41:58Z</ModuleTime>
      <ModuleName>NuGet.Frameworks</ModuleName>
      <Classes />
    </Module>
    <Module skippedDueTo="Filter" hash="87-E7-D3-98-CE-00-87-D1-B1-53-09-CD-87-FE-37-58-E6-4B-88-72">
      <ModulePath>C:\Program Files\dotnet\sdk\2.1.600-preview-009426\Microsoft.DotNet.InternalAbstractions.dll</ModulePath>
      <ModuleTime>2018-11-15T10:37:58Z</ModuleTime>
      <ModuleName>Microsoft.DotNet.InternalAbstractions</ModuleName>
      <Classes />
    </Module>
    <Module skippedDueTo="Filter" hash="08-DE-05-0A-2A-FF-20-23-00-53-B1-2E-18-68-F9-E6-C0-31-F2-6E">
      <ModulePath>C:\Program Files\dotnet\shared\Microsoft.NETCore.App\2.1.6\System.IO.FileSystem.Primitives.dll</ModulePath>
      <ModuleTime>2018-10-19T09:15:50Z</ModuleTime>
      <ModuleName>System.IO.FileSystem.Primitives</ModuleName>
      <Classes />
    </Module>
    <Module skippedDueTo="Filter" hash="93-B0-E0-F4-B9-2D-3B-DB-00-3B-71-34-B8-68-9B-47-25-02-4A-B1">
      <ModulePath>C:\Program Files\dotnet\shared\Microsoft.NETCore.App\2.1.6\System.Text.Encoding.Extensions.dll</ModulePath>
      <ModuleTime>2018-10-19T09:15:52Z</ModuleTime>
      <ModuleName>System.Text.Encoding.Extensions</ModuleName>
      <Classes />
    </Module>
    <Module skippedDueTo="Filter" hash="42-EB-77-CF-6C-59-D4-62-28-D8-46-75-6F-87-B2-D0-61-28-FA-A6">
      <ModulePath>C:\Program Files\dotnet\sdk\2.1.600-preview-009426\Microsoft.ApplicationInsights.dll</ModulePath>
      <ModuleTime>2018-11-15T10:37:34Z</ModuleTime>
      <ModuleName>Microsoft.ApplicationInsights</ModuleName>
      <Classes />
    </Module>
    <Module skippedDueTo="Filter" hash="1B-7D-C9-89-21-9A-2F-83-5F-D6-02-0B-BF-E5-C5-81-06-43-F0-47">
      <ModulePath>C:\Program Files\dotnet\sdk\2.1.600-preview-009426\Microsoft.DotNet.PlatformAbstractions.dll</ModulePath>
      <ModuleTime>2018-11-15T10:37:30Z</ModuleTime>
      <ModuleName>Microsoft.DotNet.PlatformAbstractions</ModuleName>
      <Classes />
    </Module>
    <Module skippedDueTo="Filter" hash="D3-EE-AA-F6-43-E3-04-E6-6E-CD-16-84-CF-CD-1C-9C-65-8B-0F-56">
      <ModulePath>C:\Program Files\dotnet\shared\Microsoft.NETCore.App\2.1.6\System.Reflection.Extensions.dll</ModulePath>
      <ModuleTime>2018-10-19T09:15:52Z</ModuleTime>
      <ModuleName>System.Reflection.Extensions</ModuleName>
      <Classes />
    </Module>
    <Module skippedDueTo="Filter" hash="C3-2B-5D-51-B7-D9-34-AA-8D-A0-4A-96-B2-25-4C-63-1A-61-3E-35">
      <ModulePath>C:\Program Files\dotnet\shared\Microsoft.NETCore.App\2.1.6\System.Reflection.dll</ModulePath>
      <ModuleTime>2018-10-19T09:15:52Z</ModuleTime>
      <ModuleName>System.Reflection</ModuleName>
      <Classes />
    </Module>
    <Module skippedDueTo="Filter" hash="F9-F7-1F-FA-66-3D-91-54-A4-F0-05-C4-68-CC-42-56-62-4B-71-B1">
      <ModulePath>C:\Program Files\dotnet\shared\Microsoft.NETCore.App\2.1.6\System.Xml.XDocument.dll</ModulePath>
      <ModuleTime>2018-10-19T09:15:52Z</ModuleTime>
      <ModuleName>System.Xml.XDocument</ModuleName>
      <Classes />
    </Module>
    <Module skippedDueTo="Filter" hash="2B-A7-0A-C8-CA-0E-5D-05-40-77-43-80-C6-79-D7-36-D6-8E-43-D9">
      <ModulePath>C:\Program Files\dotnet\shared\Microsoft.NETCore.App\2.1.6\System.Private.Xml.Linq.dll</ModulePath>
      <ModuleTime>2018-10-19T09:15:52Z</ModuleTime>
      <ModuleName>System.Private.Xml.Linq</ModuleName>
      <Classes />
    </Module>
    <Module skippedDueTo="Filter" hash="ED-F9-73-3A-76-9D-1D-E3-E3-BC-66-1B-9B-3A-97-C0-E6-02-9D-9D">
      <ModulePath>C:\Program Files\dotnet\shared\Microsoft.NETCore.App\2.1.6\System.Private.Xml.dll</ModulePath>
      <ModuleTime>2018-10-19T09:15:52Z</ModuleTime>
      <ModuleName>System.Private.Xml</ModuleName>
      <Classes />
    </Module>
    <Module skippedDueTo="Filter" hash="0A-F1-F0-70-BA-EC-0B-23-3B-D3-CB-27-1E-22-FA-DE-8D-FD-79-A3">
      <ModulePath>C:\Program Files\dotnet\shared\Microsoft.NETCore.App\2.1.6\System.Xml.ReaderWriter.dll</ModulePath>
      <ModuleTime>2018-10-19T09:15:52Z</ModuleTime>
      <ModuleName>System.Xml.ReaderWriter</ModuleName>
      <Classes />
    </Module>
    <Module skippedDueTo="Filter" hash="75-86-D0-56-8B-72-29-7B-98-7E-D6-6C-F2-28-9D-17-71-51-1C-D5">
      <ModulePath>C:\Program Files\dotnet\shared\Microsoft.NETCore.App\2.1.6\System.Diagnostics.Tracing.dll</ModulePath>
      <ModuleTime>2018-10-19T09:15:50Z</ModuleTime>
      <ModuleName>System.Diagnostics.Tracing</ModuleName>
      <Classes />
    </Module>
    <Module skippedDueTo="Filter" hash="98-24-28-75-2E-F6-81-60-AD-6A-D6-4C-C8-1D-58-1A-8B-C6-A4-62">
      <ModulePath>C:\Program Files\dotnet\shared\Microsoft.NETCore.App\2.1.6\System.Private.Uri.dll</ModulePath>
      <ModuleTime>2018-10-19T09:15:52Z</ModuleTime>
      <ModuleName>System.Private.Uri</ModuleName>
      <Classes />
    </Module>
    <Module skippedDueTo="Filter" hash="F8-94-E5-3E-8E-0D-48-E3-4C-8B-BD-58-DD-3F-86-43-71-3C-EA-BD">
      <ModulePath>C:\Program Files\dotnet\shared\Microsoft.NETCore.App\2.1.6\System.Globalization.dll</ModulePath>
      <ModuleTime>2018-10-19T09:15:50Z</ModuleTime>
      <ModuleName>System.Globalization</ModuleName>
      <Classes />
    </Module>
    <Module skippedDueTo="Filter" hash="5A-D6-56-FA-21-B8-F7-AD-21-CB-1E-68-24-E9-6A-34-F5-4D-B1-66">
      <ModulePath>C:\Program Files\dotnet\shared\Microsoft.NETCore.App\2.1.6\System.Threading.Tasks.Dataflow.dll</ModulePath>
      <ModuleTime>2018-10-19T09:15:52Z</ModuleTime>
      <ModuleName>System.Threading.Tasks.Dataflow</ModuleName>
      <Classes />
    </Module>
    <Module skippedDueTo="Filter" hash="30-C9-A4-91-D0-F6-AF-A2-B8-10-EC-EE-0C-64-58-41-40-92-62-9E">
      <ModulePath>C:\Program Files\dotnet\shared\Microsoft.NETCore.App\2.1.6\System.Security.Cryptography.Algorithms.dll</ModulePath>
      <ModuleTime>2018-10-19T09:15:52Z</ModuleTime>
      <ModuleName>System.Security.Cryptography.Algorithms</ModuleName>
      <Classes />
    </Module>
    <Module skippedDueTo="Filter" hash="2D-24-D4-40-AE-BC-E8-EC-89-60-18-43-84-9A-B1-DE-60-8A-C0-9A">
      <ModulePath>C:\Program Files\dotnet\shared\Microsoft.NETCore.App\2.1.6\System.Security.Cryptography.Primitives.dll</ModulePath>
      <ModuleTime>2018-10-19T09:15:52Z</ModuleTime>
      <ModuleName>System.Security.Cryptography.Primitives</ModuleName>
      <Classes />
    </Module>
    <Module skippedDueTo="Filter" hash="6A-61-3E-DA-FC-EE-1F-C8-E1-58-22-00-D9-7F-F3-F1-B8-34-43-85">
      <ModulePath>C:\Program Files\dotnet\shared\Microsoft.NETCore.App\2.1.6\Microsoft.Win32.Registry.dll</ModulePath>
      <ModuleTime>2018-10-19T09:15:50Z</ModuleTime>
      <ModuleName>Microsoft.Win32.Registry</ModuleName>
      <Classes />
    </Module>
    <Module skippedDueTo="Filter" hash="2D-D2-80-49-8E-E8-31-DA-F0-F5-D6-65-A0-CE-7A-71-98-42-9D-DA">
      <ModulePath>C:\Program Files\dotnet\shared\Microsoft.NETCore.App\2.1.6\System.Resources.ResourceManager.dll</ModulePath>
      <ModuleTime>2018-10-19T09:15:52Z</ModuleTime>
      <ModuleName>System.Resources.ResourceManager</ModuleName>
      <Classes />
    </Module>
    <Module skippedDueTo="Filter" hash="0D-5C-12-1C-15-24-3D-40-99-42-5B-C9-55-66-7E-84-E2-63-0A-E9">
      <ModulePath>C:\Program Files\dotnet\shared\Microsoft.NETCore.App\2.1.6\System.ObjectModel.dll</ModulePath>
      <ModuleTime>2018-10-19T09:15:52Z</ModuleTime>
      <ModuleName>System.ObjectModel</ModuleName>
      <Classes />
    </Module>
    <Module skippedDueTo="Filter" hash="3D-C6-64-CB-6A-A3-11-22-DA-67-18-5A-6E-19-D0-44-4B-62-63-B6">
      <ModulePath>C:\Program Files\dotnet\shared\Microsoft.NETCore.App\2.1.6\System.Threading.Thread.dll</ModulePath>
      <ModuleTime>2018-10-19T09:15:52Z</ModuleTime>
      <ModuleName>System.Threading.Thread</ModuleName>
      <Classes />
    </Module>
    <Module skippedDueTo="Filter" hash="FA-47-D1-EB-E0-12-26-A0-E4-5F-80-F0-6B-7F-0F-53-7C-E3-E8-CD">
      <ModulePath>C:\Program Files\dotnet\shared\Microsoft.NETCore.App\2.1.6\System.Reflection.Emit.ILGeneration.dll</ModulePath>
      <ModuleTime>2018-10-19T09:15:52Z</ModuleTime>
      <ModuleName>System.Reflection.Emit.ILGeneration</ModuleName>
      <Classes />
    </Module>
    <Module skippedDueTo="Filter" hash="00-C2-2E-97-39-AA-F4-86-16-C1-47-FD-BE-33-10-F5-8E-A9-94-19">
      <ModulePath>C:\Program Files\dotnet\shared\Microsoft.NETCore.App\2.1.6\System.Reflection.Emit.Lightweight.dll</ModulePath>
      <ModuleTime>2018-10-19T09:15:52Z</ModuleTime>
      <ModuleName>System.Reflection.Emit.Lightweight</ModuleName>
      <Classes />
    </Module>
    <Module skippedDueTo="Filter" hash="B2-F1-52-C2-C3-24-57-14-E5-4A-5A-D1-54-C7-DF-73-3B-53-CE-ED">
      <ModulePath>C:\Program Files\dotnet\shared\Microsoft.NETCore.App\2.1.6\System.Reflection.Primitives.dll</ModulePath>
      <ModuleTime>2018-10-19T09:15:52Z</ModuleTime>
      <ModuleName>System.Reflection.Primitives</ModuleName>
      <Classes />
    </Module>
    <Module skippedDueTo="Filter" hash="0B-71-9B-9D-8D-0F-D8-F4-7F-AA-87-7C-45-A2-93-1A-F5-36-1E-37">
      <ModulePath>C:\Program Files\dotnet\shared\Microsoft.NETCore.App\2.1.6\System.Diagnostics.TraceSource.dll</ModulePath>
      <ModuleTime>2018-10-19T09:15:50Z</ModuleTime>
      <ModuleName>System.Diagnostics.TraceSource</ModuleName>
      <Classes />
    </Module>
    <Module skippedDueTo="Filter" hash="74-25-A8-FA-BA-63-AF-0B-CF-65-60-1C-F2-E7-42-AF-0C-7A-2B-49">
      <ModulePath>C:\Program Files\dotnet\shared\Microsoft.NETCore.App\2.1.6\System.Collections.Immutable.dll</ModulePath>
      <ModuleTime>2018-10-19T09:15:50Z</ModuleTime>
      <ModuleName>System.Collections.Immutable</ModuleName>
      <Classes />
    </Module>
    <Module skippedDueTo="Filter" hash="5E-E9-01-58-84-67-82-A1-F7-90-EE-54-77-86-1F-EC-98-8A-13-51">
      <ModulePath>C:\Program Files\dotnet\shared\Microsoft.NETCore.App\2.1.6\System.Threading.Tasks.Parallel.dll</ModulePath>
      <ModuleTime>2018-10-19T09:15:52Z</ModuleTime>
      <ModuleName>System.Threading.Tasks.Parallel</ModuleName>
      <Classes />
    </Module>
    <Module skippedDueTo="Filter" hash="74-62-81-83-BC-5F-62-BC-0D-06-2E-C2-C7-8E-FE-BC-C1-B4-0B-32">
      <ModulePath>C:\Program Files\dotnet\sdk\2.1.600-preview-009426\Microsoft.Build.Tasks.Core.dll</ModulePath>
      <ModuleTime>2018-11-15T10:37:30Z</ModuleTime>
      <ModuleName>Microsoft.Build.Tasks.Core</ModuleName>
      <Classes />
    </Module>
    <Module skippedDueTo="Filter" hash="F0-79-AE-85-0C-D2-B3-EB-D4-6A-12-DB-0C-E8-50-A7-BD-12-13-F1">
      <ModulePath>C:\Program Files\dotnet\sdk\2.1.600-preview-009426\Microsoft.Build.Utilities.Core.dll</ModulePath>
      <ModuleTime>2018-11-15T10:37:36Z</ModuleTime>
      <ModuleName>Microsoft.Build.Utilities.Core</ModuleName>
      <Classes />
    </Module>
    <Module skippedDueTo="Filter" hash="F1-68-6E-8A-E9-75-3C-09-99-D6-8E-DC-34-BF-6D-F3-69-BC-67-1D">
      <ModulePath>C:\Program Files\dotnet\sdk\2.1.600-preview-009426\NuGet.Build.Tasks.dll</ModulePath>
      <ModuleTime>2018-11-15T10:41:46Z</ModuleTime>
      <ModuleName>NuGet.Build.Tasks</ModuleName>
      <Classes />
    </Module>
    <Module skippedDueTo="Filter" hash="BD-9E-82-E3-BE-56-55-50-5E-B8-51-DD-D5-84-5C-BF-E2-98-75-32">
      <ModulePath>C:\Program Files\dotnet\sdk\2.1.600-preview-009426\NuGet.Commands.dll</ModulePath>
      <ModuleTime>2018-11-15T10:41:56Z</ModuleTime>
      <ModuleName>NuGet.Commands</ModuleName>
      <Classes />
    </Module>
    <Module skippedDueTo="Filter" hash="A8-64-3E-F9-87-98-8F-04-DF-39-E8-01-12-68-52-CD-47-A0-17-3B">
      <ModulePath>C:\Program Files\dotnet\sdk\2.1.600-preview-009426\NuGet.Common.dll</ModulePath>
      <ModuleTime>2018-11-15T10:41:36Z</ModuleTime>
      <ModuleName>NuGet.Common</ModuleName>
      <Classes />
    </Module>
    <Module skippedDueTo="Filter" hash="C7-B7-1E-4A-57-A3-29-14-4F-3E-E1-7E-64-EA-7A-0F-CE-F9-A0-C5">
      <ModulePath>C:\Program Files\dotnet\shared\Microsoft.NETCore.App\2.1.6\System.Collections.NonGeneric.dll</ModulePath>
      <ModuleTime>2018-10-19T09:15:50Z</ModuleTime>
      <ModuleName>System.Collections.NonGeneric</ModuleName>
      <Classes />
    </Module>
    <Module skippedDueTo="Filter" hash="13-BB-47-4B-0C-A6-EE-02-89-7D-1F-84-D1-A9-27-D7-3B-33-34-90">
      <ModulePath>C:\Program Files\dotnet\shared\Microsoft.NETCore.App\2.1.6\Microsoft.Win32.Primitives.dll</ModulePath>
      <ModuleTime>2018-10-19T09:15:50Z</ModuleTime>
      <ModuleName>Microsoft.Win32.Primitives</ModuleName>
      <Classes />
    </Module>
    <Module skippedDueTo="Filter" hash="4F-5D-05-81-0C-C0-D8-47-52-C5-64-94-3F-71-F3-56-1F-DB-19-E9">
      <ModulePath>C:\Program Files\dotnet\shared\Microsoft.NETCore.App\2.1.6\System.Threading.ThreadPool.dll</ModulePath>
      <ModuleTime>2018-10-19T09:15:52Z</ModuleTime>
      <ModuleName>System.Threading.ThreadPool</ModuleName>
      <Classes />
    </Module>
    <Module skippedDueTo="Filter" hash="B6-B1-0F-69-BE-D2-75-E7-F0-0F-9D-D7-AB-8A-C2-8F-99-E7-FD-BE">
      <ModulePath>C:\Program Files\dotnet\shared\Microsoft.NETCore.App\2.1.6\System.IO.Pipes.dll</ModulePath>
      <ModuleTime>2018-10-19T09:15:50Z</ModuleTime>
      <ModuleName>System.IO.Pipes</ModuleName>
      <Classes />
    </Module>
    <Module skippedDueTo="Filter" hash="40-71-09-DE-1D-FA-CB-EB-52-32-41-19-A2-58-C5-B3-B4-50-0C-5C">
      <ModulePath>C:\Program Files\dotnet\shared\Microsoft.NETCore.App\2.1.6\System.Security.Principal.dll</ModulePath>
      <ModuleTime>2018-10-19T09:15:52Z</ModuleTime>
      <ModuleName>System.Security.Principal</ModuleName>
      <Classes />
    </Module>
    <Module skippedDueTo="Filter" hash="A7-8D-39-F2-F5-86-F3-8D-3F-CC-7C-4F-8C-37-3E-0B-C5-B3-9E-B4">
      <ModulePath>C:\Program Files\dotnet\shared\Microsoft.NETCore.App\2.1.6\System.Runtime.Serialization.Xml.dll</ModulePath>
      <ModuleTime>2018-10-19T09:15:52Z</ModuleTime>
      <ModuleName>System.Runtime.Serialization.Xml</ModuleName>
      <Classes />
    </Module>
    <Module skippedDueTo="Filter" hash="E5-AA-EF-4B-25-23-C5-A6-7D-97-19-38-D2-A2-BD-75-00-8A-EB-4D">
      <ModulePath>C:\Program Files\dotnet\shared\Microsoft.NETCore.App\2.1.6\System.Private.DataContractSerialization.dll</ModulePath>
      <ModuleTime>2018-10-19T09:15:52Z</ModuleTime>
      <ModuleName>System.Private.DataContractSerialization</ModuleName>
      <Classes />
    </Module>
    <Module skippedDueTo="Filter" hash="93-0E-52-E3-88-DE-2C-52-9E-2B-DB-80-2A-EA-B1-FF-4F-B1-36-BF">
      <ModulePath>C:\Program Files\dotnet\shared\Microsoft.NETCore.App\2.1.6\System.Runtime.Serialization.Primitives.dll</ModulePath>
      <ModuleTime>2018-10-19T09:15:52Z</ModuleTime>
      <ModuleName>System.Runtime.Serialization.Primitives</ModuleName>
      <Classes />
    </Module>
    <Module skippedDueTo="Filter" hash="D1-2B-D0-9E-FE-9E-D9-78-35-93-8E-78-47-EC-F4-E9-6C-D5-C0-C4">
      <ModulePath>C:\Program Files\dotnet\shared\Microsoft.NETCore.App\2.1.6\System.Runtime.Serialization.Formatters.dll</ModulePath>
      <ModuleTime>2018-10-19T09:15:52Z</ModuleTime>
      <ModuleName>System.Runtime.Serialization.Formatters</ModuleName>
      <Classes />
    </Module>
    <Module skippedDueTo="Filter" hash="8C-3F-86-B1-15-D1-A6-1D-58-3C-CE-6A-9A-31-A5-CF-61-44-14-14">
      <ModulePath>C:\Program Files\dotnet\shared\Microsoft.NETCore.App\2.1.6\System.Runtime.Loader.dll</ModulePath>
      <ModuleTime>2018-10-19T09:15:52Z</ModuleTime>
      <ModuleName>System.Runtime.Loader</ModuleName>
      <Classes />
    </Module>
    <Module skippedDueTo="Filter" hash="E4-E4-AB-FC-30-84-AF-6E-58-96-51-87-BA-02-B1-37-62-16-F5-E8">
      <ModulePath>C:\Program Files\dotnet\sdk\2.1.600-preview-009426\Microsoft.Build.NuGetSdkResolver.dll</ModulePath>
      <ModuleTime>2018-11-15T10:37:38Z</ModuleTime>
      <ModuleName>Microsoft.Build.NuGetSdkResolver</ModuleName>
      <Classes />
    </Module>
    <Module skippedDueTo="Filter" hash="60-B2-55-00-F3-83-07-40-07-5C-5E-E8-5D-80-9A-D4-E4-3F-60-16">
      <ModulePath>C:\Program Files\dotnet\shared\Microsoft.NETCore.App\2.1.6\System.Diagnostics.FileVersionInfo.dll</ModulePath>
      <ModuleTime>2018-10-19T09:15:50Z</ModuleTime>
      <ModuleName>System.Diagnostics.FileVersionInfo</ModuleName>
      <Classes />
    </Module>
    <Module skippedDueTo="Filter" hash="DF-D2-0D-E7-B6-39-E0-39-AF-5A-34-86-50-37-B6-B4-0C-A6-0B-B1">
      <ModulePath>C:\Program Files\dotnet\shared\Microsoft.NETCore.App\2.1.6\System.ComponentModel.dll</ModulePath>
      <ModuleTime>2018-10-19T09:15:50Z</ModuleTime>
      <ModuleName>System.ComponentModel</ModuleName>
      <Classes />
    </Module>
    <Module skippedDueTo="Filter" hash="F3-6E-82-BE-BC-4C-5A-25-3E-E6-43-7B-E4-61-41-5A-4C-FA-EA-E9">
      <ModulePath>C:\Program Files\dotnet\shared\Microsoft.NETCore.App\2.1.6\System.Private.CoreLib.dll</ModulePath>
      <ModuleTime>2018-10-19T09:15:52Z</ModuleTime>
      <ModuleName>System.Private.CoreLib</ModuleName>
      <Classes />
    </Module>
    <Module skippedDueTo="Filter" hash="0D-94-7E-93-89-D8-C9-AE-5B-B0-13-7E-FB-A3-83-B8-72-8B-0B-32">
      <ModulePath>C:\Program Files\dotnet\sdk\2.1.600-preview-009426\MSBuild.dll</ModulePath>
      <ModuleTime>2018-11-15T10:43:02Z</ModuleTime>
      <ModuleName>MSBuild</ModuleName>
      <Classes />
    </Module>
    <Module skippedDueTo="Filter" hash="80-7B-E3-DB-4F-DB-E1-5B-35-A9-24-C9-45-8E-80-D0-E9-46-20-DA">
      <ModulePath>C:\Program Files\dotnet\shared\Microsoft.NETCore.App\2.1.6\System.Runtime.dll</ModulePath>
      <ModuleTime>2018-10-19T09:15:52Z</ModuleTime>
      <ModuleName>System.Runtime</ModuleName>
      <Classes />
    </Module>
    <Module skippedDueTo="Filter" hash="D5-B5-49-52-3F-03-60-46-FA-58-22-FE-2C-E4-3B-86-A3-2D-1C-54">
      <ModulePath>C:\Program Files\dotnet\shared\Microsoft.NETCore.App\2.1.6\System.Runtime.Extensions.dll</ModulePath>
      <ModuleTime>2018-10-19T09:15:52Z</ModuleTime>
      <ModuleName>System.Runtime.Extensions</ModuleName>
      <Classes />
    </Module>
    <Module skippedDueTo="Filter" hash="36-84-17-83-35-2C-C2-41-75-44-2B-CE-2D-5E-0A-6D-25-BB-F5-98">
      <ModulePath>C:\Program Files\dotnet\shared\Microsoft.NETCore.App\2.1.6\System.Threading.dll</ModulePath>
      <ModuleTime>2018-10-19T09:15:52Z</ModuleTime>
      <ModuleName>System.Threading</ModuleName>
      <Classes />
    </Module>
    <Module skippedDueTo="Filter" hash="8D-EB-74-7D-5E-A4-F4-56-22-DE-5F-BB-6D-9E-48-7D-D7-85-08-6C">
      <ModulePath>C:\Program Files\dotnet\shared\Microsoft.NETCore.App\2.1.6\System.Threading.Tasks.dll</ModulePath>
      <ModuleTime>2018-10-19T09:15:52Z</ModuleTime>
      <ModuleName>System.Threading.Tasks</ModuleName>
      <Classes />
    </Module>
    <Module skippedDueTo="Filter" hash="7A-EB-84-1A-53-F4-26-40-7A-FD-28-23-C7-9C-E3-F3-F9-05-E5-F1">
      <ModulePath>C:\Program Files\dotnet\shared\Microsoft.NETCore.App\2.1.6\System.Runtime.InteropServices.RuntimeInformation.dll</ModulePath>
      <ModuleTime>2018-10-19T09:15:52Z</ModuleTime>
      <ModuleName>System.Runtime.InteropServices.RuntimeInformation</ModuleName>
      <Classes />
    </Module>
    <Module skippedDueTo="Filter" hash="1C-AA-09-E9-EA-9A-D8-0E-FE-38-AF-4C-2F-AB-F6-05-70-4C-7D-39">
      <ModulePath>C:\Program Files\dotnet\shared\Microsoft.NETCore.App\2.1.6\System.Linq.dll</ModulePath>
      <ModuleTime>2018-10-19T09:15:50Z</ModuleTime>
      <ModuleName>System.Linq</ModuleName>
      <Classes />
    </Module>
    <Module skippedDueTo="Filter" hash="BF-85-DD-D6-9E-6C-F2-12-20-37-8F-CB-29-A4-A7-5E-B3-51-EE-97">
      <ModulePath>C:\Program Files\dotnet\shared\Microsoft.NETCore.App\2.1.6\System.Text.RegularExpressions.dll</ModulePath>
      <ModuleTime>2018-10-19T09:15:52Z</ModuleTime>
      <ModuleName>System.Text.RegularExpressions</ModuleName>
      <Classes />
    </Module>
    <Module skippedDueTo="Filter" hash="87-BF-D4-C0-08-CB-0D-92-B8-E2-77-31-AC-AB-99-AF-20-CD-AC-3E">
      <ModulePath>C:\Program Files\dotnet\shared\Microsoft.NETCore.App\2.1.6\System.Collections.dll</ModulePath>
      <ModuleTime>2018-10-19T09:15:50Z</ModuleTime>
      <ModuleName>System.Collections</ModuleName>
      <Classes />
    </Module>
    <Module skippedDueTo="Filter" hash="79-AE-E4-34-60-DB-38-45-7A-20-D3-49-8B-46-67-D3-20-44-AD-56">
      <ModulePath>C:\Program Files\dotnet\shared\Microsoft.NETCore.App\2.1.6\System.Buffers.dll</ModulePath>
      <ModuleTime>2018-10-19T09:15:50Z</ModuleTime>
      <ModuleName>System.Buffers</ModuleName>
      <Classes />
    </Module>
    <Module skippedDueTo="Filter" hash="C2-21-37-94-77-6B-20-54-8B-C3-96-FE-8A-76-78-BF-49-45-EB-88">
      <ModulePath>C:\Program Files\dotnet\shared\Microsoft.NETCore.App\2.1.6\System.IO.FileSystem.dll</ModulePath>
      <ModuleTime>2018-10-19T09:15:50Z</ModuleTime>
      <ModuleName>System.IO.FileSystem</ModuleName>
      <Classes />
    </Module>
    <Module skippedDueTo="Filter" hash="CA-05-A6-20-FD-14-9D-64-7B-AA-03-54-BF-DA-44-13-87-5E-4E-AA">
      <ModulePath>C:\Program Files\dotnet\shared\Microsoft.NETCore.App\2.1.6\System.Memory.dll</ModulePath>
      <ModuleTime>2018-10-19T09:15:50Z</ModuleTime>
      <ModuleName>System.Memory</ModuleName>
      <Classes />
    </Module>
    <Module skippedDueTo="Filter" hash="E1-A5-0A-4B-89-CB-EA-0C-15-8D-C1-08-88-70-55-66-10-C9-C2-70">
      <ModulePath>C:\Program Files\dotnet\shared\Microsoft.NETCore.App\2.1.6\System.Runtime.InteropServices.dll</ModulePath>
      <ModuleTime>2018-10-19T09:15:52Z</ModuleTime>
      <ModuleName>System.Runtime.InteropServices</ModuleName>
      <Classes />
    </Module>
    <Module skippedDueTo="Filter" hash="7E-46-49-D5-79-FE-70-29-4B-90-A6-AE-82-8D-B0-7D-B0-A3-E3-74">
      <ModulePath>C:\Program Files\dotnet\shared\Microsoft.NETCore.App\2.1.6\System.Console.dll</ModulePath>
      <ModuleTime>2018-10-19T09:15:50Z</ModuleTime>
      <ModuleName>System.Console</ModuleName>
      <Classes />
    </Module>
    <Module skippedDueTo="Filter" hash="8E-2B-8F-30-D7-23-7B-32-77-EE-61-A0-4D-6E-DF-CE-13-60-6D-9A">
      <ModulePath>C:\Program Files\dotnet\shared\Microsoft.NETCore.App\2.1.6\System.Diagnostics.Process.dll</ModulePath>
      <ModuleTime>2018-10-19T09:15:50Z</ModuleTime>
      <ModuleName>System.Diagnostics.Process</ModuleName>
      <Classes />
    </Module>
    <Module skippedDueTo="Filter" hash="F2-53-28-F0-D1-3C-6E-A1-25-7C-04-ED-BC-15-2E-D9-CA-E8-92-82">
      <ModulePath>C:\Program Files\dotnet\shared\Microsoft.NETCore.App\2.1.6\System.ComponentModel.Primitives.dll</ModulePath>
      <ModuleTime>2018-10-19T09:15:50Z</ModuleTime>
      <ModuleName>System.ComponentModel.Primitives</ModuleName>
      <Classes />
    </Module>
    <Module skippedDueTo="Filter" hash="CC-B6-8C-ED-1B-F1-3F-F4-76-B2-1C-AE-A8-67-08-F3-6C-E6-49-00">
      <ModulePath>C:\Program Files\dotnet\sdk\2.1.600-preview-009426\Microsoft.Build.Framework.dll</ModulePath>
      <ModuleTime>2018-11-15T10:37:24Z</ModuleTime>
      <ModuleName>Microsoft.Build.Framework</ModuleName>
      <Classes />
    </Module>
    <Module skippedDueTo="Filter" hash="12-DF-08-3D-C2-7A-F0-08-D4-BD-77-12-69-E9-D6-8D-92-20-53-D0">
      <ModulePath>C:\Program Files\dotnet\shared\Microsoft.NETCore.App\2.1.6\netstandard.dll</ModulePath>
      <ModuleTime>2018-10-19T09:15:52Z</ModuleTime>
      <ModuleName>netstandard</ModuleName>
      <Classes />
    </Module>
    <Module skippedDueTo="Filter" hash="94-76-26-1F-59-B8-E4-E5-DF-72-B3-2C-4E-83-49-74-1B-D9-5C-62">
      <ModulePath>C:\Program Files\dotnet\sdk\2.1.600-preview-009426\Microsoft.Build.dll</ModulePath>
      <ModuleTime>2018-11-15T10:37:38Z</ModuleTime>
      <ModuleName>Microsoft.Build</ModuleName>
      <Classes />
    </Module>
    <Module skippedDueTo="Filter" hash="7B-04-11-66-FD-DC-77-12-11-D1-F3-BD-F3-B3-7F-79-C3-63-7B-86">
      <ModulePath>C:\Program Files\dotnet\sdk\2.1.600-preview-009426\runtimes\win\lib\netcoreapp2.0\System.Text.Encoding.CodePages.dll</ModulePath>
      <ModuleTime>2018-11-15T10:35:50Z</ModuleTime>
      <ModuleName>System.Text.Encoding.CodePages</ModuleName>
      <Classes />
    </Module>
    <Module skippedDueTo="Filter" hash="D7-55-14-1D-35-30-3E-21-6E-74-C5-6B-08-7D-55-46-C9-3B-AC-1B">
      <ModulePath>C:\Program Files\dotnet\shared\Microsoft.NETCore.App\2.1.6\System.Collections.Concurrent.dll</ModulePath>
      <ModuleTime>2018-10-19T09:15:50Z</ModuleTime>
      <ModuleName>System.Collections.Concurrent</ModuleName>
      <Classes />
    </Module>
    <Module skippedDueTo="Filter" hash="B6-B1-0F-69-BE-D2-75-E7-F0-0F-9D-D7-AB-8A-C2-8F-99-E7-FD-BE">
      <ModulePath>C:\Program Files\dotnet\shared\Microsoft.NETCore.App\2.1.6\System.IO.Pipes.dll</ModulePath>
      <ModuleTime>2018-10-19T09:15:50Z</ModuleTime>
      <ModuleName>System.IO.Pipes</ModuleName>
      <Classes />
    </Module>
    <Module skippedDueTo="Filter" hash="93-B0-E0-F4-B9-2D-3B-DB-00-3B-71-34-B8-68-9B-47-25-02-4A-B1">
      <ModulePath>C:\Program Files\dotnet\shared\Microsoft.NETCore.App\2.1.6\System.Text.Encoding.Extensions.dll</ModulePath>
      <ModuleTime>2018-10-19T09:15:52Z</ModuleTime>
      <ModuleName>System.Text.Encoding.Extensions</ModuleName>
      <Classes />
    </Module>
    <Module skippedDueTo="Filter" hash="B1-37-BA-9D-A7-34-BB-DD-EA-46-4A-DF-B0-B9-B0-86-2A-69-EC-1A">
      <ModulePath>C:\Program Files\dotnet\shared\Microsoft.NETCore.App\2.1.6\System.Security.AccessControl.dll</ModulePath>
      <ModuleTime>2018-10-19T09:15:52Z</ModuleTime>
      <ModuleName>System.Security.AccessControl</ModuleName>
      <Classes />
    </Module>
    <Module skippedDueTo="Filter" hash="93-FB-0C-93-C8-FF-3C-0B-03-54-BF-EC-9E-04-53-87-5A-94-5A-0A">
      <ModulePath>C:\Program Files\dotnet\shared\Microsoft.NETCore.App\2.1.6\System.Security.Principal.Windows.dll</ModulePath>
      <ModuleTime>2018-10-19T09:15:52Z</ModuleTime>
      <ModuleName>System.Security.Principal.Windows</ModuleName>
      <Classes />
    </Module>
    <Module skippedDueTo="Filter" hash="2B-B8-A6-93-50-54-F8-7F-B6-B3-4D-C8-5F-F9-CA-FC-01-29-1D-CE">
      <ModulePath>C:\Program Files\dotnet\shared\Microsoft.NETCore.App\2.1.6\System.Security.Claims.dll</ModulePath>
      <ModuleTime>2018-10-19T09:15:52Z</ModuleTime>
      <ModuleName>System.Security.Claims</ModuleName>
      <Classes />
    </Module>
    <Module skippedDueTo="Filter" hash="40-71-09-DE-1D-FA-CB-EB-52-32-41-19-A2-58-C5-B3-B4-50-0C-5C">
      <ModulePath>C:\Program Files\dotnet\shared\Microsoft.NETCore.App\2.1.6\System.Security.Principal.dll</ModulePath>
      <ModuleTime>2018-10-19T09:15:52Z</ModuleTime>
      <ModuleName>System.Security.Principal</ModuleName>
      <Classes />
    </Module>
    <Module skippedDueTo="Filter" hash="A1-3A-C7-96-40-99-6B-52-20-D8-0B-D2-61-98-EC-F7-32-BD-B0-C3">
      <ModulePath>C:\Program Files\dotnet\shared\Microsoft.NETCore.App\2.1.6\System.Threading.Overlapped.dll</ModulePath>
      <ModuleTime>2018-10-19T09:15:52Z</ModuleTime>
      <ModuleName>System.Threading.Overlapped</ModuleName>
      <Classes />
    </Module>
    <Module skippedDueTo="Filter" hash="A1-3A-C7-96-40-99-6B-52-20-D8-0B-D2-61-98-EC-F7-32-BD-B0-C3">
      <ModulePath>C:\Program Files\dotnet\shared\Microsoft.NETCore.App\2.1.6\System.Threading.Overlapped.dll</ModulePath>
      <ModuleTime>2018-10-19T09:15:52Z</ModuleTime>
      <ModuleName>System.Threading.Overlapped</ModuleName>
      <Classes />
    </Module>
    <Module skippedDueTo="Filter" hash="B1-37-BA-9D-A7-34-BB-DD-EA-46-4A-DF-B0-B9-B0-86-2A-69-EC-1A">
      <ModulePath>C:\Program Files\dotnet\shared\Microsoft.NETCore.App\2.1.6\System.Security.AccessControl.dll</ModulePath>
      <ModuleTime>2018-10-19T09:15:52Z</ModuleTime>
      <ModuleName>System.Security.AccessControl</ModuleName>
      <Classes />
    </Module>
    <Module skippedDueTo="Filter" hash="3D-C6-64-CB-6A-A3-11-22-DA-67-18-5A-6E-19-D0-44-4B-62-63-B6">
      <ModulePath>C:\Program Files\dotnet\shared\Microsoft.NETCore.App\2.1.6\System.Threading.Thread.dll</ModulePath>
      <ModuleTime>2018-10-19T09:15:52Z</ModuleTime>
      <ModuleName>System.Threading.Thread</ModuleName>
      <Classes />
    </Module>
    <Module skippedDueTo="Filter" hash="93-FB-0C-93-C8-FF-3C-0B-03-54-BF-EC-9E-04-53-87-5A-94-5A-0A">
      <ModulePath>C:\Program Files\dotnet\shared\Microsoft.NETCore.App\2.1.6\System.Security.Principal.Windows.dll</ModulePath>
      <ModuleTime>2018-10-19T09:15:52Z</ModuleTime>
      <ModuleName>System.Security.Principal.Windows</ModuleName>
      <Classes />
    </Module>
    <Module skippedDueTo="Filter" hash="2B-B8-A6-93-50-54-F8-7F-B6-B3-4D-C8-5F-F9-CA-FC-01-29-1D-CE">
      <ModulePath>C:\Program Files\dotnet\shared\Microsoft.NETCore.App\2.1.6\System.Security.Claims.dll</ModulePath>
      <ModuleTime>2018-10-19T09:15:52Z</ModuleTime>
      <ModuleName>System.Security.Claims</ModuleName>
      <Classes />
    </Module>
    <Module skippedDueTo="Filter" hash="0D-5C-12-1C-15-24-3D-40-99-42-5B-C9-55-66-7E-84-E2-63-0A-E9">
      <ModulePath>C:\Program Files\dotnet\shared\Microsoft.NETCore.App\2.1.6\System.ObjectModel.dll</ModulePath>
      <ModuleTime>2018-10-19T09:15:52Z</ModuleTime>
      <ModuleName>System.ObjectModel</ModuleName>
      <Classes />
    </Module>
    <Module skippedDueTo="Filter" hash="5A-D6-56-FA-21-B8-F7-AD-21-CB-1E-68-24-E9-6A-34-F5-4D-B1-66">
      <ModulePath>C:\Program Files\dotnet\shared\Microsoft.NETCore.App\2.1.6\System.Threading.Tasks.Dataflow.dll</ModulePath>
      <ModuleTime>2018-10-19T09:15:52Z</ModuleTime>
      <ModuleName>System.Threading.Tasks.Dataflow</ModuleName>
      <Classes />
    </Module>
    <Module skippedDueTo="Filter" hash="75-86-D0-56-8B-72-29-7B-98-7E-D6-6C-F2-28-9D-17-71-51-1C-D5">
      <ModulePath>C:\Program Files\dotnet\shared\Microsoft.NETCore.App\2.1.6\System.Diagnostics.Tracing.dll</ModulePath>
      <ModuleTime>2018-10-19T09:15:50Z</ModuleTime>
      <ModuleName>System.Diagnostics.Tracing</ModuleName>
      <Classes />
    </Module>
    <Module skippedDueTo="Filter" hash="9B-60-EC-2A-2E-29-AF-0C-3D-C5-8E-58-55-B4-9E-1A-E1-94-D4-DD">
      <ModulePath>C:\Program Files\dotnet\sdk\2.1.600-preview-009426\dotnet.dll</ModulePath>
      <ModuleTime>2018-11-15T10:36:02Z</ModuleTime>
      <ModuleName>dotnet</ModuleName>
      <Classes />
    </Module>
    <Module skippedDueTo="Filter" hash="D0-ED-84-47-56-47-81-1B-FC-C2-97-37-75-BF-41-7B-F6-95-85-F9">
      <ModulePath>C:\Program Files\dotnet\sdk\2.1.600-preview-009426\Microsoft.DotNet.Tools.MigrateCommand.dll</ModulePath>
      <ModuleTime>2018-11-15T10:37:26Z</ModuleTime>
      <ModuleName>Microsoft.DotNet.Tools.MigrateCommand</ModuleName>
      <Classes />
    </Module>
    <Module skippedDueTo="Filter" hash="F7-A8-9A-81-E0-DB-F5-0E-97-38-F7-79-95-56-33-7D-12-A6-CD-4E">
      <ModulePath>C:\Program Files\dotnet\sdk\2.1.600-preview-009426\Microsoft.DotNet.Configurer.dll</ModulePath>
      <ModuleTime>2018-11-15T10:37:32Z</ModuleTime>
      <ModuleName>Microsoft.DotNet.Configurer</ModuleName>
      <Classes />
    </Module>
    <Module skippedDueTo="Filter" hash="45-1D-56-64-66-81-61-F3-2E-37-AC-5A-E9-C6-92-C6-8C-6D-A4-CE">
      <ModulePath>C:\Program Files\dotnet\sdk\2.1.600-preview-009426\Microsoft.DotNet.Cli.Utils.dll</ModulePath>
      <ModuleTime>2018-11-15T10:37:28Z</ModuleTime>
      <ModuleName>Microsoft.DotNet.Cli.Utils</ModuleName>
      <Classes />
    </Module>
    <Module skippedDueTo="Filter" hash="0B-62-DD-CF-19-DC-ED-AE-54-7C-AF-55-81-59-3A-D8-2B-D8-24-13">
      <ModulePath>C:\Program Files\dotnet\sdk\2.1.600-preview-009426\NuGet.Frameworks.dll</ModulePath>
      <ModuleTime>2018-11-15T10:41:58Z</ModuleTime>
      <ModuleName>NuGet.Frameworks</ModuleName>
      <Classes />
    </Module>
    <Module skippedDueTo="Filter" hash="2D-D2-80-49-8E-E8-31-DA-F0-F5-D6-65-A0-CE-7A-71-98-42-9D-DA">
      <ModulePath>C:\Program Files\dotnet\shared\Microsoft.NETCore.App\2.1.6\System.Resources.ResourceManager.dll</ModulePath>
      <ModuleTime>2018-10-19T09:15:52Z</ModuleTime>
      <ModuleName>System.Resources.ResourceManager</ModuleName>
      <Classes />
    </Module>
    <Module skippedDueTo="Filter" hash="0A-F1-F0-70-BA-EC-0B-23-3B-D3-CB-27-1E-22-FA-DE-8D-FD-79-A3">
      <ModulePath>C:\Program Files\dotnet\shared\Microsoft.NETCore.App\2.1.6\System.Xml.ReaderWriter.dll</ModulePath>
      <ModuleTime>2018-10-19T09:15:52Z</ModuleTime>
      <ModuleName>System.Xml.ReaderWriter</ModuleName>
      <Classes />
    </Module>
    <Module skippedDueTo="Filter" hash="ED-F9-73-3A-76-9D-1D-E3-E3-BC-66-1B-9B-3A-97-C0-E6-02-9D-9D">
      <ModulePath>C:\Program Files\dotnet\shared\Microsoft.NETCore.App\2.1.6\System.Private.Xml.dll</ModulePath>
      <ModuleTime>2018-10-19T09:15:52Z</ModuleTime>
      <ModuleName>System.Private.Xml</ModuleName>
      <Classes />
    </Module>
    <Module skippedDueTo="Filter" hash="30-C9-A4-91-D0-F6-AF-A2-B8-10-EC-EE-0C-64-58-41-40-92-62-9E">
      <ModulePath>C:\Program Files\dotnet\shared\Microsoft.NETCore.App\2.1.6\System.Security.Cryptography.Algorithms.dll</ModulePath>
      <ModuleTime>2018-10-19T09:15:52Z</ModuleTime>
      <ModuleName>System.Security.Cryptography.Algorithms</ModuleName>
      <Classes />
    </Module>
    <Module skippedDueTo="Filter" hash="98-24-28-75-2E-F6-81-60-AD-6A-D6-4C-C8-1D-58-1A-8B-C6-A4-62">
      <ModulePath>C:\Program Files\dotnet\shared\Microsoft.NETCore.App\2.1.6\System.Private.Uri.dll</ModulePath>
      <ModuleTime>2018-10-19T09:15:52Z</ModuleTime>
      <ModuleName>System.Private.Uri</ModuleName>
      <Classes />
    </Module>
    <Module skippedDueTo="Filter" hash="0B-71-9B-9D-8D-0F-D8-F4-7F-AA-87-7C-45-A2-93-1A-F5-36-1E-37">
      <ModulePath>C:\Program Files\dotnet\shared\Microsoft.NETCore.App\2.1.6\System.Diagnostics.TraceSource.dll</ModulePath>
      <ModuleTime>2018-10-19T09:15:50Z</ModuleTime>
      <ModuleName>System.Diagnostics.TraceSource</ModuleName>
      <Classes />
    </Module>
    <Module skippedDueTo="Filter" hash="74-25-A8-FA-BA-63-AF-0B-CF-65-60-1C-F2-E7-42-AF-0C-7A-2B-49">
      <ModulePath>C:\Program Files\dotnet\shared\Microsoft.NETCore.App\2.1.6\System.Collections.Immutable.dll</ModulePath>
      <ModuleTime>2018-10-19T09:15:50Z</ModuleTime>
      <ModuleName>System.Collections.Immutable</ModuleName>
      <Classes />
    </Module>
    <Module skippedDueTo="Filter" hash="5E-E9-01-58-84-67-82-A1-F7-90-EE-54-77-86-1F-EC-98-8A-13-51">
      <ModulePath>C:\Program Files\dotnet\shared\Microsoft.NETCore.App\2.1.6\System.Threading.Tasks.Parallel.dll</ModulePath>
      <ModuleTime>2018-10-19T09:15:52Z</ModuleTime>
      <ModuleName>System.Threading.Tasks.Parallel</ModuleName>
      <Classes />
    </Module>
    <Module skippedDueTo="Filter" hash="F0-79-AE-85-0C-D2-B3-EB-D4-6A-12-DB-0C-E8-50-A7-BD-12-13-F1">
      <ModulePath>C:\Program Files\dotnet\sdk\2.1.600-preview-009426\Microsoft.Build.Utilities.Core.dll</ModulePath>
      <ModuleTime>2018-11-15T10:37:36Z</ModuleTime>
      <ModuleName>Microsoft.Build.Utilities.Core</ModuleName>
      <Classes />
    </Module>
    <Module skippedDueTo="Filter" hash="FA-47-D1-EB-E0-12-26-A0-E4-5F-80-F0-6B-7F-0F-53-7C-E3-E8-CD">
      <ModulePath>C:\Program Files\dotnet\shared\Microsoft.NETCore.App\2.1.6\System.Reflection.Emit.ILGeneration.dll</ModulePath>
      <ModuleTime>2018-10-19T09:15:52Z</ModuleTime>
      <ModuleName>System.Reflection.Emit.ILGeneration</ModuleName>
      <Classes />
    </Module>
    <Module skippedDueTo="Filter" hash="00-C2-2E-97-39-AA-F4-86-16-C1-47-FD-BE-33-10-F5-8E-A9-94-19">
      <ModulePath>C:\Program Files\dotnet\shared\Microsoft.NETCore.App\2.1.6\System.Reflection.Emit.Lightweight.dll</ModulePath>
      <ModuleTime>2018-10-19T09:15:52Z</ModuleTime>
      <ModuleName>System.Reflection.Emit.Lightweight</ModuleName>
      <Classes />
    </Module>
    <Module skippedDueTo="Filter" hash="B2-F1-52-C2-C3-24-57-14-E5-4A-5A-D1-54-C7-DF-73-3B-53-CE-ED">
      <ModulePath>C:\Program Files\dotnet\shared\Microsoft.NETCore.App\2.1.6\System.Reflection.Primitives.dll</ModulePath>
      <ModuleTime>2018-10-19T09:15:52Z</ModuleTime>
      <ModuleName>System.Reflection.Primitives</ModuleName>
      <Classes />
    </Module>
    <Module skippedDueTo="Filter" hash="D1-2B-D0-9E-FE-9E-D9-78-35-93-8E-78-47-EC-F4-E9-6C-D5-C0-C4">
      <ModulePath>C:\Program Files\dotnet\shared\Microsoft.NETCore.App\2.1.6\System.Runtime.Serialization.Formatters.dll</ModulePath>
      <ModuleTime>2018-10-19T09:15:52Z</ModuleTime>
      <ModuleName>System.Runtime.Serialization.Formatters</ModuleName>
      <Classes />
    </Module>
    <Module skippedDueTo="Filter" hash="74-62-81-83-BC-5F-62-BC-0D-06-2E-C2-C7-8E-FE-BC-C1-B4-0B-32">
      <ModulePath>C:\Program Files\dotnet\sdk\2.1.600-preview-009426\Microsoft.Build.Tasks.Core.dll</ModulePath>
      <ModuleTime>2018-11-15T10:37:30Z</ModuleTime>
      <ModuleName>Microsoft.Build.Tasks.Core</ModuleName>
      <Classes />
    </Module>
    <Module skippedDueTo="Filter" hash="A6-DF-96-D8-9F-07-2E-25-38-3B-E8-82-62-67-C3-BB-7F-E6-FA-D0">
      <ModulePath>C:\Program Files\dotnet\sdk\2.1.600-preview-009426\Sdks\Microsoft.NET.Sdk\targets\..\tools\netcoreapp2.0/Microsoft.NET.Build.Tasks.dll</ModulePath>
      <ModuleTime>2018-11-15T10:38:48Z</ModuleTime>
      <ModuleName>Microsoft.NET.Build.Tasks</ModuleName>
      <Classes />
    </Module>
    <Module skippedDueTo="Filter" hash="8C-3F-86-B1-15-D1-A6-1D-58-3C-CE-6A-9A-31-A5-CF-61-44-14-14">
      <ModulePath>C:\Program Files\dotnet\shared\Microsoft.NETCore.App\2.1.6\System.Runtime.Loader.dll</ModulePath>
      <ModuleTime>2018-10-19T09:15:52Z</ModuleTime>
      <ModuleName>System.Runtime.Loader</ModuleName>
      <Classes />
    </Module>
    <Module skippedDueTo="Filter" hash="A6-DF-96-D8-9F-07-2E-25-38-3B-E8-82-62-67-C3-BB-7F-E6-FA-D0">
      <ModulePath>C:\Program Files\dotnet\sdk\2.1.600-preview-009426\Sdks\Microsoft.NET.Sdk\targets\..\tools\netcoreapp2.0/Microsoft.NET.Build.Tasks.dll</ModulePath>
      <ModuleTime>2018-11-15T10:38:48Z</ModuleTime>
      <ModuleName>Microsoft.NET.Build.Tasks</ModuleName>
      <Classes />
    </Module>
    <Module skippedDueTo="Filter" hash="A6-67-66-3C-4A-CA-7B-8F-D8-45-CE-ED-AD-4A-F1-98-D9-B1-22-B7">
      <ModulePath>C:\Program Files\dotnet\sdk\2.1.600-preview-009426\NuGet.Configuration.dll</ModulePath>
      <ModuleTime>2018-11-15T10:41:48Z</ModuleTime>
      <ModuleName>NuGet.Configuration</ModuleName>
      <Classes />
    </Module>
    <Module skippedDueTo="Filter" hash="5F-4C-A2-99-BA-67-C1-37-EA-CC-0F-3F-BC-68-F1-64-39-BE-57-29">
      <ModulePath>C:\Program Files\dotnet\shared\Microsoft.NETCore.App\2.1.6\System.IO.dll</ModulePath>
      <ModuleTime>2018-10-19T09:15:50Z</ModuleTime>
      <ModuleName>System.IO</ModuleName>
      <Classes />
    </Module>
    <Module skippedDueTo="Filter" hash="F1-68-6E-8A-E9-75-3C-09-99-D6-8E-DC-34-BF-6D-F3-69-BC-67-1D">
      <ModulePath>C:\Program Files\dotnet\sdk\2.1.600-preview-009426\NuGet.Build.Tasks.dll</ModulePath>
      <ModuleTime>2018-11-15T10:41:46Z</ModuleTime>
      <ModuleName>NuGet.Build.Tasks</ModuleName>
      <Classes />
    </Module>
    <Module skippedDueTo="Filter" hash="7A-AB-BA-43-CD-9D-AC-37-36-A7-B7-96-E0-A8-DF-84-23-38-A7-5F">
      <ModulePath>C:\Program Files\dotnet\shared\Microsoft.NETCore.App\2.1.6\System.Text.Encoding.dll</ModulePath>
      <ModuleTime>2018-10-19T09:15:52Z</ModuleTime>
      <ModuleName>System.Text.Encoding</ModuleName>
      <Classes />
    </Module>
    <Module skippedDueTo="Filter" hash="BD-9E-82-E3-BE-56-55-50-5E-B8-51-DD-D5-84-5C-BF-E2-98-75-32">
      <ModulePath>C:\Program Files\dotnet\sdk\2.1.600-preview-009426\NuGet.Commands.dll</ModulePath>
      <ModuleTime>2018-11-15T10:41:56Z</ModuleTime>
      <ModuleName>NuGet.Commands</ModuleName>
      <Classes />
    </Module>
    <Module skippedDueTo="Filter" hash="A8-64-3E-F9-87-98-8F-04-DF-39-E8-01-12-68-52-CD-47-A0-17-3B">
      <ModulePath>C:\Program Files\dotnet\sdk\2.1.600-preview-009426\NuGet.Common.dll</ModulePath>
      <ModuleTime>2018-11-15T10:41:36Z</ModuleTime>
      <ModuleName>NuGet.Common</ModuleName>
      <Classes />
    </Module>
    <Module skippedDueTo="Filter" hash="A6-67-66-3C-4A-CA-7B-8F-D8-45-CE-ED-AD-4A-F1-98-D9-B1-22-B7">
      <ModulePath>C:\Program Files\dotnet\sdk\2.1.600-preview-009426\NuGet.Configuration.dll</ModulePath>
      <ModuleTime>2018-11-15T10:41:48Z</ModuleTime>
      <ModuleName>NuGet.Configuration</ModuleName>
      <Classes />
    </Module>
    <Module skippedDueTo="Filter" hash="C7-B7-1E-4A-57-A3-29-14-4F-3E-E1-7E-64-EA-7A-0F-CE-F9-A0-C5">
      <ModulePath>C:\Program Files\dotnet\shared\Microsoft.NETCore.App\2.1.6\System.Collections.NonGeneric.dll</ModulePath>
      <ModuleTime>2018-10-19T09:15:50Z</ModuleTime>
      <ModuleName>System.Collections.NonGeneric</ModuleName>
      <Classes />
    </Module>
    <Module skippedDueTo="Filter" hash="13-BB-47-4B-0C-A6-EE-02-89-7D-1F-84-D1-A9-27-D7-3B-33-34-90">
      <ModulePath>C:\Program Files\dotnet\shared\Microsoft.NETCore.App\2.1.6\Microsoft.Win32.Primitives.dll</ModulePath>
      <ModuleTime>2018-10-19T09:15:50Z</ModuleTime>
      <ModuleName>Microsoft.Win32.Primitives</ModuleName>
      <Classes />
    </Module>
    <Module skippedDueTo="Filter" hash="F8-94-E5-3E-8E-0D-48-E3-4C-8B-BD-58-DD-3F-86-43-71-3C-EA-BD">
      <ModulePath>C:\Program Files\dotnet\shared\Microsoft.NETCore.App\2.1.6\System.Globalization.dll</ModulePath>
      <ModuleTime>2018-10-19T09:15:50Z</ModuleTime>
      <ModuleName>System.Globalization</ModuleName>
      <Classes />
    </Module>
    <Module skippedDueTo="Filter" hash="5F-4C-A2-99-BA-67-C1-37-EA-CC-0F-3F-BC-68-F1-64-39-BE-57-29">
      <ModulePath>C:\Program Files\dotnet\shared\Microsoft.NETCore.App\2.1.6\System.IO.dll</ModulePath>
      <ModuleTime>2018-10-19T09:15:50Z</ModuleTime>
      <ModuleName>System.IO</ModuleName>
      <Classes />
    </Module>
    <Module skippedDueTo="Filter" hash="F9-F7-1F-FA-66-3D-91-54-A4-F0-05-C4-68-CC-42-56-62-4B-71-B1">
      <ModulePath>C:\Program Files\dotnet\shared\Microsoft.NETCore.App\2.1.6\System.Xml.XDocument.dll</ModulePath>
      <ModuleTime>2018-10-19T09:15:52Z</ModuleTime>
      <ModuleName>System.Xml.XDocument</ModuleName>
      <Classes />
    </Module>
    <Module skippedDueTo="Filter" hash="2B-A7-0A-C8-CA-0E-5D-05-40-77-43-80-C6-79-D7-36-D6-8E-43-D9">
      <ModulePath>C:\Program Files\dotnet\shared\Microsoft.NETCore.App\2.1.6\System.Private.Xml.Linq.dll</ModulePath>
      <ModuleTime>2018-10-19T09:15:52Z</ModuleTime>
      <ModuleName>System.Private.Xml.Linq</ModuleName>
      <Classes />
    </Module>
    <Module skippedDueTo="Filter" hash="2D-24-D4-40-AE-BC-E8-EC-89-60-18-43-84-9A-B1-DE-60-8A-C0-9A">
      <ModulePath>C:\Program Files\dotnet\shared\Microsoft.NETCore.App\2.1.6\System.Security.Cryptography.Primitives.dll</ModulePath>
      <ModuleTime>2018-10-19T09:15:52Z</ModuleTime>
      <ModuleName>System.Security.Cryptography.Primitives</ModuleName>
      <Classes />
    </Module>
    <Module skippedDueTo="Filter" hash="7A-AB-BA-43-CD-9D-AC-37-36-A7-B7-96-E0-A8-DF-84-23-38-A7-5F">
      <ModulePath>C:\Program Files\dotnet\shared\Microsoft.NETCore.App\2.1.6\System.Text.Encoding.dll</ModulePath>
      <ModuleTime>2018-10-19T09:15:52Z</ModuleTime>
      <ModuleName>System.Text.Encoding</ModuleName>
      <Classes />
    </Module>
    <Module skippedDueTo="Filter" hash="08-DE-05-0A-2A-FF-20-23-00-53-B1-2E-18-68-F9-E6-C0-31-F2-6E">
      <ModulePath>C:\Program Files\dotnet\shared\Microsoft.NETCore.App\2.1.6\System.IO.FileSystem.Primitives.dll</ModulePath>
      <ModuleTime>2018-10-19T09:15:50Z</ModuleTime>
      <ModuleName>System.IO.FileSystem.Primitives</ModuleName>
      <Classes />
    </Module>
    <Module skippedDueTo="Filter" hash="64-2F-D7-67-39-E1-32-E1-C5-AE-EB-5F-33-E9-05-90-A9-99-2F-72">
      <ModulePath>C:\Program Files\dotnet\sdk\2.1.600-preview-009426\NuGet.ProjectModel.dll</ModulePath>
      <ModuleTime>2018-11-15T10:41:38Z</ModuleTime>
      <ModuleName>NuGet.ProjectModel</ModuleName>
      <Classes />
    </Module>
[...]
      <ModuleTime>2018-10-19T09:15:52Z</ModuleTime>
      <ModuleName>System.Runtime.Serialization.Json</ModuleName>
      <Classes />
    </Module>
    <Module skippedDueTo="Filter" hash="A7-8D-39-F2-F5-86-F3-8D-3F-CC-7C-4F-8C-37-3E-0B-C5-B3-9E-B4">
      <ModulePath>C:\Program Files\dotnet\shared\Microsoft.NETCore.App\2.1.6\System.Runtime.Serialization.Xml.dll</ModulePath>
      <ModuleTime>2018-10-19T09:15:52Z</ModuleTime>
      <ModuleName>System.Runtime.Serialization.Xml</ModuleName>
      <Classes />
    </Module>
    <Module skippedDueTo="Filter" hash="54-39-EF-66-3B-66-20-B6-CB-C3-53-2E-11-46-D3-3D-1D-AF-BE-EA">
      <ModulePath>C:\Program Files\dotnet\shared\Microsoft.NETCore.App\2.1.6\System.Runtime.Serialization.dll</ModulePath>
      <ModuleTime>2018-10-19T09:15:52Z</ModuleTime>
      <ModuleName>System.Runtime.Serialization</ModuleName>
      <Classes />
    </Module>
    <Module skippedDueTo="Filter" hash="F1-99-F9-58-59-B9-10-22-76-92-23-79-45-12-01-CE-4E-C4-D7-88">
      <ModulePath>C:\Program Files\dotnet\shared\Microsoft.NETCore.App\2.1.6\System.Security.Cryptography.Encoding.dll</ModulePath>
      <ModuleTime>2018-10-19T09:15:52Z</ModuleTime>
      <ModuleName>System.Security.Cryptography.Encoding</ModuleName>
      <Classes />
    </Module>
    <Module skippedDueTo="Filter" hash="2D-24-D4-40-AE-BC-E8-EC-89-60-18-43-84-9A-B1-DE-60-8A-C0-9A">
      <ModulePath>C:\Program Files\dotnet\shared\Microsoft.NETCore.App\2.1.6\System.Security.Cryptography.Primitives.dll</ModulePath>
      <ModuleTime>2018-10-19T09:15:52Z</ModuleTime>
      <ModuleName>System.Security.Cryptography.Primitives</ModuleName>
      <Classes />
    </Module>
    <Module skippedDueTo="Filter" hash="84-9A-E2-F6-D7-83-CA-5A-FF-61-55-51-DE-DB-6F-2C-CD-F1-8D-AC">
      <ModulePath>C:\Program Files\dotnet\shared\Microsoft.NETCore.App\2.1.6\System.Security.Cryptography.Cng.dll</ModulePath>
      <ModuleTime>2018-10-19T09:15:52Z</ModuleTime>
      <ModuleName>System.Security.Cryptography.Cng</ModuleName>
      <Classes />
    </Module>
    <Module skippedDueTo="Filter" hash="46-B8-7D-E7-20-62-42-D3-E8-16-3F-D2-CC-B0-D9-43-39-5E-70-AC">
      <ModulePath>C:\Program Files\dotnet\shared\Microsoft.NETCore.App\2.1.6\System.Security.Cryptography.Csp.dll</ModulePath>
      <ModuleTime>2018-10-19T09:15:52Z</ModuleTime>
      <ModuleName>System.Security.Cryptography.Csp</ModuleName>
      <Classes />
    </Module>
    <Module skippedDueTo="Filter" hash="60-25-31-EE-B9-E9-4F-A7-E3-BF-EC-94-2C-D2-64-2C-C0-4E-AF-A2">
      <ModulePath>C:\Program Files\dotnet\shared\Microsoft.NETCore.App\2.1.6\System.Security.Cryptography.OpenSsl.dll</ModulePath>
      <ModuleTime>2018-10-19T09:15:52Z</ModuleTime>
      <ModuleName>System.Security.Cryptography.OpenSsl</ModuleName>
      <Classes />
    </Module>
    <Module skippedDueTo="Filter" hash="7E-46-18-AF-4C-A5-90-FE-AA-F1-E6-8F-00-47-47-C4-46-C3-07-8B">
      <ModulePath>C:\Program Files\dotnet\shared\Microsoft.NETCore.App\2.1.6\System.Security.SecureString.dll</ModulePath>
      <ModuleTime>2018-10-19T09:15:52Z</ModuleTime>
      <ModuleName>System.Security.SecureString</ModuleName>
      <Classes />
    </Module>
    <Module skippedDueTo="Filter" hash="3C-22-B7-97-78-1F-65-46-0C-6C-1F-26-68-87-CA-EB-AC-DC-1F-91">
      <ModulePath>C:\Program Files\dotnet\shared\Microsoft.NETCore.App\2.1.6\System.Security.dll</ModulePath>
      <ModuleTime>2018-10-19T09:15:52Z</ModuleTime>
      <ModuleName>System.Security</ModuleName>
      <Classes />
    </Module>
    <Module skippedDueTo="Filter" hash="1B-18-F8-5B-6C-07-C9-7A-96-F4-77-65-EA-95-0B-48-F6-EC-FC-DD">
      <ModulePath>C:\Program Files\dotnet\shared\Microsoft.NETCore.App\2.1.6\System.ServiceModel.Web.dll</ModulePath>
      <ModuleTime>2018-10-19T09:15:52Z</ModuleTime>
      <ModuleName>System.ServiceModel.Web</ModuleName>
      <Classes />
    </Module>
    <Module skippedDueTo="Filter" hash="96-0A-D4-DD-37-65-CD-A2-19-3C-79-0D-33-96-72-6F-8E-3F-18-88">
      <ModulePath>C:\Program Files\dotnet\shared\Microsoft.NETCore.App\2.1.6\System.ServiceProcess.dll</ModulePath>
      <ModuleTime>2018-10-19T09:15:52Z</ModuleTime>
      <ModuleName>System.ServiceProcess</ModuleName>
      <Classes />
    </Module>
    <Module skippedDueTo="Filter" hash="5A-D6-56-FA-21-B8-F7-AD-21-CB-1E-68-24-E9-6A-34-F5-4D-B1-66">
      <ModulePath>C:\Program Files\dotnet\shared\Microsoft.NETCore.App\2.1.6\System.Threading.Tasks.Dataflow.dll</ModulePath>
      <ModuleTime>2018-10-19T09:15:52Z</ModuleTime>
      <ModuleName>System.Threading.Tasks.Dataflow</ModuleName>
      <Classes />
    </Module>
    <Module skippedDueTo="Filter" hash="8B-00-18-6B-C4-B8-76-A9-09-46-0C-CF-98-4A-A9-C9-6C-26-A1-75">
      <ModulePath>C:\Program Files\dotnet\shared\Microsoft.NETCore.App\2.1.6\System.Threading.Tasks.Extensions.dll</ModulePath>
      <ModuleTime>2018-10-19T09:15:52Z</ModuleTime>
      <ModuleName>System.Threading.Tasks.Extensions</ModuleName>
      <Classes />
    </Module>
    <Module skippedDueTo="Filter" hash="5E-E9-01-58-84-67-82-A1-F7-90-EE-54-77-86-1F-EC-98-8A-13-51">
      <ModulePath>C:\Program Files\dotnet\shared\Microsoft.NETCore.App\2.1.6\System.Threading.Tasks.Parallel.dll</ModulePath>
      <ModuleTime>2018-10-19T09:15:52Z</ModuleTime>
      <ModuleName>System.Threading.Tasks.Parallel</ModuleName>
      <Classes />
    </Module>
    <Module skippedDueTo="Filter" hash="26-7D-8F-77-4F-4C-62-56-3A-EF-66-0A-EC-FB-E5-55-C5-E0-B8-51">
      <ModulePath>C:\Program Files\dotnet\shared\Microsoft.NETCore.App\2.1.6\System.Transactions.Local.dll</ModulePath>
      <ModuleTime>2018-10-19T09:15:52Z</ModuleTime>
      <ModuleName>System.Transactions.Local</ModuleName>
      <Classes />
    </Module>
    <Module skippedDueTo="Filter" hash="4E-87-7E-2C-8A-CE-48-56-C4-03-22-08-74-E7-C3-27-7C-E2-14-AB">
      <ModulePath>C:\Program Files\dotnet\shared\Microsoft.NETCore.App\2.1.6\System.Transactions.dll</ModulePath>
      <ModuleTime>2018-10-19T09:15:52Z</ModuleTime>
      <ModuleName>System.Transactions</ModuleName>
      <Classes />
    </Module>
    <Module skippedDueTo="Filter" hash="5D-03-01-44-11-67-FE-8D-FF-77-58-C0-80-87-BF-B0-42-AB-ED-12">
      <ModulePath>C:\Program Files\dotnet\shared\Microsoft.NETCore.App\2.1.6\System.ValueTuple.dll</ModulePath>
      <ModuleTime>2018-10-19T09:15:52Z</ModuleTime>
      <ModuleName>System.ValueTuple</ModuleName>
      <Classes />
    </Module>
    <Module skippedDueTo="Filter" hash="42-40-0D-2E-09-F9-28-89-59-3C-E6-8E-97-4C-B2-58-1C-30-DF-CB">
      <ModulePath>C:\Program Files\dotnet\shared\Microsoft.NETCore.App\2.1.6\System.Web.HttpUtility.dll</ModulePath>
      <ModuleTime>2018-10-19T09:15:52Z</ModuleTime>
      <ModuleName>System.Web.HttpUtility</ModuleName>
      <Classes />
    </Module>
    <Module skippedDueTo="Filter" hash="94-20-34-B9-22-19-E0-16-67-25-61-43-9E-30-BE-EC-5A-DB-DF-3D">
      <ModulePath>C:\Program Files\dotnet\shared\Microsoft.NETCore.App\2.1.6\System.Web.dll</ModulePath>
      <ModuleTime>2018-10-19T09:15:52Z</ModuleTime>
      <ModuleName>System.Web</ModuleName>
      <Classes />
    </Module>
    <Module skippedDueTo="Filter" hash="CD-38-04-49-BF-9C-09-FC-75-85-C7-02-4E-C9-E4-EC-59-39-A7-DF">
      <ModulePath>C:\Program Files\dotnet\shared\Microsoft.NETCore.App\2.1.6\System.Windows.dll</ModulePath>
      <ModuleTime>2018-10-19T09:15:52Z</ModuleTime>
      <ModuleName>System.Windows</ModuleName>
      <Classes />
    </Module>
    <Module skippedDueTo="Filter" hash="8B-D1-EB-37-E4-E4-6C-51-03-A4-E6-75-17-F8-2F-D7-F5-78-6B-11">
      <ModulePath>C:\Program Files\dotnet\shared\Microsoft.NETCore.App\2.1.6\System.Xml.Linq.dll</ModulePath>
      <ModuleTime>2018-10-19T09:15:52Z</ModuleTime>
      <ModuleName>System.Xml.Linq</ModuleName>
      <Classes />
    </Module>
    <Module skippedDueTo="Filter" hash="E3-E1-38-02-8B-E8-49-95-06-08-41-01-D6-D1-AE-75-C6-1E-28-E1">
      <ModulePath>C:\Program Files\dotnet\shared\Microsoft.NETCore.App\2.1.6\System.Xml.Serialization.dll</ModulePath>
      <ModuleTime>2018-10-19T09:15:52Z</ModuleTime>
      <ModuleName>System.Xml.Serialization</ModuleName>
      <Classes />
    </Module>
    <Module skippedDueTo="Filter" hash="3F-6D-2F-CD-00-0C-1F-94-A0-DA-38-9A-6F-F9-77-8A-BB-C2-30-F8">
      <ModulePath>C:\Program Files\dotnet\shared\Microsoft.NETCore.App\2.1.6\System.Xml.XPath.XDocument.dll</ModulePath>
      <ModuleTime>2018-10-19T09:15:52Z</ModuleTime>
      <ModuleName>System.Xml.XPath.XDocument</ModuleName>
      <Classes />
    </Module>
    <Module skippedDueTo="Filter" hash="62-3B-B8-18-22-DC-CA-6A-4D-13-4B-1D-AF-11-BE-53-35-F2-EA-B5">
      <ModulePath>C:\Program Files\dotnet\shared\Microsoft.NETCore.App\2.1.6\System.Xml.XmlSerializer.dll</ModulePath>
      <ModuleTime>2018-10-19T09:15:52Z</ModuleTime>
      <ModuleName>System.Xml.XmlSerializer</ModuleName>
      <Classes />
    </Module>
    <Module skippedDueTo="Filter" hash="78-2C-55-18-63-70-D5-FC-6F-58-EA-ED-BA-8B-60-3D-91-91-32-FB">
      <ModulePath>C:\Program Files\dotnet\shared\Microsoft.NETCore.App\2.1.6\System.Xml.dll</ModulePath>
      <ModuleTime>2018-10-19T09:15:52Z</ModuleTime>
      <ModuleName>System.Xml</ModuleName>
      <Classes />
    </Module>
    <Module skippedDueTo="Filter" hash="E1-55-41-57-7B-67-E9-A7-06-6F-F3-F2-B8-D6-DF-FE-D4-0A-2C-09">
      <ModulePath>C:\Program Files\dotnet\shared\Microsoft.NETCore.App\2.1.6\System.dll</ModulePath>
      <ModuleTime>2018-10-19T09:15:52Z</ModuleTime>
      <ModuleName>System</ModuleName>
      <Classes />
    </Module>
    <Module skippedDueTo="Filter" hash="2C-16-FD-F8-07-A1-BB-69-D1-B7-67-BD-E4-B6-56-15-9D-84-6C-29">
      <ModulePath>C:\Program Files\dotnet\shared\Microsoft.NETCore.App\2.1.6\WindowsBase.dll</ModulePath>
      <ModuleTime>2018-10-19T09:15:52Z</ModuleTime>
      <ModuleName>WindowsBase</ModuleName>
      <Classes />
    </Module>
    <Module skippedDueTo="Filter" hash="0B-62-40-90-58-76-E8-86-0D-1A-DC-F5-78-DB-B7-94-BC-00-10-0C">
      <ModulePath>D:\Projects\Greety\Greety.Tests\bin\Debug\netcoreapp2.1\xunit.runner.reporters.netcoreapp10.dll</ModulePath>
      <ModuleTime>2018-07-17T02:18:26Z</ModuleTime>
      <ModuleName>xunit.runner.reporters.netcoreapp10</ModuleName>
      <Classes />
    </Module>
    <Module skippedDueTo="Filter" hash="16-7C-D1-8D-0E-08-82-D2-50-9C-9A-FF-7A-6F-C1-DB-D3-21-8A-72">
      <ModulePath>D:\Projects\Greety\Greety.Tests\bin\Debug\netcoreapp2.1\xunit.runner.visualstudio.dotnetcore.testadapter.dll</ModulePath>
      <ModuleTime>2018-07-17T02:18:28Z</ModuleTime>
      <ModuleName>xunit.runner.visualstudio.dotnetcore.testadapter</ModuleName>
      <Classes />
    </Module>
    <Module skippedDueTo="Filter" hash="F3-6E-82-BE-BC-4C-5A-25-3E-E6-43-7B-E4-61-41-5A-4C-FA-EA-E9">
      <ModulePath>C:\Program Files\dotnet\shared\Microsoft.NETCore.App\2.1.6\System.Private.CoreLib.dll</ModulePath>
      <ModuleTime>2018-10-19T09:15:52Z</ModuleTime>
      <ModuleName>System.Private.CoreLib</ModuleName>
      <Classes />
    </Module>
    <Module hash="DF-AE-DF-98-AA-59-4F-B8-42-DB-AA-A7-29-E7-16-1E-90-70-D6-44">
      <Summary numSequencePoints="9" visitedSequencePoints="9" numBranchPoints="3" visitedBranchPoints="3" sequenceCoverage="100" branchCoverage="100" maxCyclomaticComplexity="1" minCyclomaticComplexity="1" visitedClasses="2" numClasses="2" visitedMethods="3" numMethods="3" />
      <ModulePath>D:\Projects\Greety\Greety\bin\Debug\netcoreapp2.1\greety.dll</ModulePath>
      <ModuleTime>2018-12-16T22:00:30.1697591Z</ModuleTime>
      <ModuleName>Greety</ModuleName>
      <Files>
        <File uid="5" fullPath="D:\Projects\Greety\Greety\HappyZone\Greeter.cs" />
        <File uid="6" fullPath="D:\Projects\Greety\Greety\Dmz\Program.cs" />
      </Files>
      <Classes>
        <Class>
          <Summary numSequencePoints="0" visitedSequencePoints="0" numBranchPoints="0" visitedBranchPoints="0" sequenceCoverage="0" branchCoverage="0" maxCyclomaticComplexity="0" minCyclomaticComplexity="0" visitedClasses="0" numClasses="0" visitedMethods="0" numMethods="0" />
          <FullName>&lt;Module&gt;</FullName>
          <Methods />
        </Class>
        <Class>
          <Summary numSequencePoints="3" visitedSequencePoints="3" numBranchPoints="1" visitedBranchPoints="1" sequenceCoverage="100" branchCoverage="100" maxCyclomaticComplexity="1" minCyclomaticComplexity="1" visitedClasses="1" numClasses="1" visitedMethods="1" numMethods="1" />
          <FullName>Greety.HappyZone.Greeter</FullName>
          <Methods>
            <Method visited="true" cyclomaticComplexity="1" nPathComplexity="0" sequenceCoverage="100" branchCoverage="100" isConstructor="false" isStatic="false" isGetter="false" isSetter="false">
              <Summary numSequencePoints="3" visitedSequencePoints="3" numBranchPoints="1" visitedBranchPoints="1" sequenceCoverage="100" branchCoverage="100" maxCyclomaticComplexity="1" minCyclomaticComplexity="1" visitedClasses="0" numClasses="0" visitedMethods="1" numMethods="1" />
              <MetadataToken>100663297</MetadataToken>
              <Name>System.Void Greety.HappyZone.Greeter::Greet(System.Action`1&lt;System.String&gt;)</Name>
              <FileRef uid="5" />
              <SequencePoints>
                <SequencePoint vc="1" uspid="11" ordinal="0" offset="0" sl="8" sc="9" el="8" ec="10" bec="0" bev="0" fileid="5" />
                <SequencePoint vc="1" uspid="12" ordinal="1" offset="1" sl="9" sc="13" el="9" ec="36" bec="0" bev="0" fileid="5" />
                <SequencePoint vc="1" uspid="13" ordinal="2" offset="13" sl="10" sc="9" el="10" ec="10" bec="0" bev="0" fileid="5" />
              </SequencePoints>
              <BranchPoints />
              <MethodPoint xsi:type="SequencePoint" vc="1" uspid="11" ordinal="0" offset="0" sl="8" sc="9" el="8" ec="10" bec="0" bev="0" fileid="5" />
            </Method>
            <Method visited="true" cyclomaticComplexity="1" nPathComplexity="0" sequenceCoverage="0" branchCoverage="0" isConstructor="true" isStatic="false" isGetter="false" isSetter="false">
              <Summary numSequencePoints="0" visitedSequencePoints="0" numBranchPoints="0" visitedBranchPoints="0" sequenceCoverage="0" branchCoverage="0" maxCyclomaticComplexity="1" minCyclomaticComplexity="1" visitedClasses="0" numClasses="0" visitedMethods="0" numMethods="0" />
              <MetadataToken>100663298</MetadataToken>
              <Name>System.Void Greety.HappyZone.Greeter::.ctor()</Name>
              <SequencePoints />
              <BranchPoints />
              <MethodPoint vc="1" uspid="14" ordinal="0" offset="0" />
            </Method>
          </Methods>
        </Class>
        <Class>
          <Summary numSequencePoints="6" visitedSequencePoints="6" numBranchPoints="2" visitedBranchPoints="2" sequenceCoverage="100" branchCoverage="100" maxCyclomaticComplexity="1" minCyclomaticComplexity="1" visitedClasses="1" numClasses="1" visitedMethods="2" numMethods="2" />
          <FullName>Greety.Dmz.Program</FullName>
          <Methods>
            <Method visited="true" cyclomaticComplexity="1" nPathComplexity="0" sequenceCoverage="100" branchCoverage="100" isConstructor="false" isStatic="true" isGetter="false" isSetter="false">
              <Summary numSequencePoints="5" visitedSequencePoints="5" numBranchPoints="1" visitedBranchPoints="1" sequenceCoverage="100" branchCoverage="100" maxCyclomaticComplexity="1" minCyclomaticComplexity="1" visitedClasses="0" numClasses="0" visitedMethods="1" numMethods="1" />
              <MetadataToken>100663299</MetadataToken>
              <Name>System.Void Greety.Dmz.Program::Main()</Name>
              <FileRef uid="6" />
              <SequencePoints>
                <SequencePoint vc="1" uspid="15" ordinal="0" offset="0" sl="9" sc="9" el="9" ec="10" bec="0" bev="0" fileid="6" />
                <SequencePoint vc="1" uspid="16" ordinal="1" offset="1" sl="10" sc="13" el="10" ec="44" bec="0" bev="0" fileid="6" />
                <SequencePoint vc="1" uspid="17" ordinal="2" offset="7" sl="12" sc="13" el="12" ec="41" bec="0" bev="0" fileid="6" />
                <SequencePoint vc="1" uspid="18" ordinal="3" offset="13" sl="13" sc="13" el="13" ec="35" bec="0" bev="0" fileid="6" />
                <SequencePoint vc="1" uspid="19" ordinal="4" offset="21" sl="14" sc="9" el="14" ec="10" bec="0" bev="0" fileid="6" />
              </SequencePoints>
              <BranchPoints />
              <MethodPoint xsi:type="SequencePoint" vc="1" uspid="15" ordinal="0" offset="0" sl="9" sc="9" el="9" ec="10" bec="0" bev="0" fileid="6" />
            </Method>
            <Method visited="true" cyclomaticComplexity="1" nPathComplexity="0" sequenceCoverage="100" branchCoverage="100" isConstructor="false" isStatic="true" isGetter="false" isSetter="false">
              <Summary numSequencePoints="1" visitedSequencePoints="1" numBranchPoints="1" visitedBranchPoints="1" sequenceCoverage="100" branchCoverage="100" maxCyclomaticComplexity="1" minCyclomaticComplexity="1" visitedClasses="0" numClasses="0" visitedMethods="1" numMethods="1" />
              <MetadataToken>100663300</MetadataToken>
              <Name>System.Action`1&lt;System.String&gt; Greety.Dmz.Program::GetOutputAction()</Name>
              <FileRef uid="6" />
              <SequencePoints>
                <SequencePoint vc="1" uspid="20" ordinal="0" offset="0" sl="16" sc="59" el="16" ec="76" bec="0" bev="0" fileid="6" />
              </SequencePoints>
              <BranchPoints />
              <MethodPoint xsi:type="SequencePoint" vc="1" uspid="20" ordinal="0" offset="0" sl="16" sc="59" el="16" ec="76" bec="0" bev="0" fileid="6" />
            </Method>
          </Methods>
        </Class>
      </Classes>
    </Module>
    <Module skippedDueTo="Filter" hash="80-7B-E3-DB-4F-DB-E1-5B-35-A9-24-C9-45-8E-80-D0-E9-46-20-DA">
      <ModulePath>C:\Program Files\dotnet\shared\Microsoft.NETCore.App\2.1.6\System.Runtime.dll</ModulePath>
      <ModuleTime>2018-10-19T09:15:52Z</ModuleTime>
      <ModuleName>System.Runtime</ModuleName>
      <Classes />
    </Module>
    <Module skippedDueTo="Filter" hash="7E-46-49-D5-79-FE-70-29-4B-90-A6-AE-82-8D-B0-7D-B0-A3-E3-74">
      <ModulePath>C:\Program Files\dotnet\shared\Microsoft.NETCore.App\2.1.6\System.Console.dll</ModulePath>
      <ModuleTime>2018-10-19T09:15:50Z</ModuleTime>
      <ModuleName>System.Console</ModuleName>
      <Classes />
    </Module>
    <Module skippedDueTo="Filter" hash="D5-B5-49-52-3F-03-60-46-FA-58-22-FE-2C-E4-3B-86-A3-2D-1C-54">
      <ModulePath>C:\Program Files\dotnet\shared\Microsoft.NETCore.App\2.1.6\System.Runtime.Extensions.dll</ModulePath>
      <ModuleTime>2018-10-19T09:15:52Z</ModuleTime>
      <ModuleName>System.Runtime.Extensions</ModuleName>
      <Classes />
    </Module>
    <Module skippedDueTo="Filter" hash="36-84-17-83-35-2C-C2-41-75-44-2B-CE-2D-5E-0A-6D-25-BB-F5-98">
      <ModulePath>C:\Program Files\dotnet\shared\Microsoft.NETCore.App\2.1.6\System.Threading.dll</ModulePath>
      <ModuleTime>2018-10-19T09:15:52Z</ModuleTime>
      <ModuleName>System.Threading</ModuleName>
      <Classes />
    </Module>
    <Module skippedDueTo="Filter" hash="93-B0-E0-F4-B9-2D-3B-DB-00-3B-71-34-B8-68-9B-47-25-02-4A-B1">
      <ModulePath>C:\Program Files\dotnet\shared\Microsoft.NETCore.App\2.1.6\System.Text.Encoding.Extensions.dll</ModulePath>
      <ModuleTime>2018-10-19T09:15:52Z</ModuleTime>
      <ModuleName>System.Text.Encoding.Extensions</ModuleName>
      <Classes />
    </Module>
    <Module skippedDueTo="Filter" hash="E1-A5-0A-4B-89-CB-EA-0C-15-8D-C1-08-88-70-55-66-10-C9-C2-70">
      <ModulePath>C:\Program Files\dotnet\shared\Microsoft.NETCore.App\2.1.6\System.Runtime.InteropServices.dll</ModulePath>
      <ModuleTime>2018-10-19T09:15:52Z</ModuleTime>
      <ModuleName>System.Runtime.InteropServices</ModuleName>
      <Classes />
    </Module>
  </Modules>
</CoverageSession>